<?xml version="1.0" encoding="UTF-8"?>
<testsuite name="com.example.kafka.listener.KafkaConsumerListenerTest" tests="1" skipped="0" failures="0" errors="0" timestamp="2024-06-21T16:55:13" hostname="192.168.1.7" time="0.009">
  <properties/>
  <testcase name="testConsume()" classname="com.example.kafka.listener.KafkaConsumerListenerTest" time="0.009"/>
  <system-out><![CDATA[2024-06-21T22:25:11.178+05:30  INFO 89459 --- [    Test worker] t.c.s.AnnotationConfigContextLoaderUtils : Could not detect default configuration classes for test class [com.example.kafka.listener.KafkaConsumerListenerTest]: KafkaConsumerListenerTest does not declare any static, non-private, non-final, nested classes annotated with @Configuration.
2024-06-21T22:25:11.184+05:30  INFO 89459 --- [    Test worker] .b.t.c.SpringBootTestContextBootstrapper : Found @SpringBootConfiguration com.example.kafka.Main for test class com.example.kafka.listener.KafkaConsumerListenerTest

  .   ____          _            __ _ _
 /\\ / ___'_ __ _ _(_)_ __  __ _ \ \ \ \
( ( )\___ | '_ | '_| | '_ \/ _` | \ \ \ \
 \\/  ___)| |_)| | | | | || (_| |  ) ) ) )
  '  |____| .__|_| |_|_| |_\__, | / / / /
 =========|_|==============|___/=/_/_/_/
 :: Spring Boot ::                (v3.1.1)

2024-06-21T22:25:11.320+05:30  INFO 89459 --- [    Test worker] k.utils.Log4jControllerRegistration$     : Registered kafka:type=kafka.Log4jController MBean
2024-06-21T22:25:11.327+05:30  INFO 89459 --- [    Test worker] o.a.zookeeper.server.ZooKeeperServer     : 
2024-06-21T22:25:11.327+05:30  INFO 89459 --- [    Test worker] o.a.zookeeper.server.ZooKeeperServer     :   ______                  _                                          
2024-06-21T22:25:11.327+05:30  INFO 89459 --- [    Test worker] o.a.zookeeper.server.ZooKeeperServer     :  |___  /                 | |                                         
2024-06-21T22:25:11.327+05:30  INFO 89459 --- [    Test worker] o.a.zookeeper.server.ZooKeeperServer     :     / /    ___     ___   | | __   ___    ___   _ __     ___   _ __   
2024-06-21T22:25:11.327+05:30  INFO 89459 --- [    Test worker] o.a.zookeeper.server.ZooKeeperServer     :    / /    / _ \   / _ \  | |/ /  / _ \  / _ \ | '_ \   / _ \ | '__|
2024-06-21T22:25:11.327+05:30  INFO 89459 --- [    Test worker] o.a.zookeeper.server.ZooKeeperServer     :   / /__  | (_) | | (_) | |   <  |  __/ |  __/ | |_) | |  __/ | |    
2024-06-21T22:25:11.327+05:30  INFO 89459 --- [    Test worker] o.a.zookeeper.server.ZooKeeperServer     :  /_____|  \___/   \___/  |_|\_\  \___|  \___| | .__/   \___| |_|
2024-06-21T22:25:11.327+05:30  INFO 89459 --- [    Test worker] o.a.zookeeper.server.ZooKeeperServer     :                                               | |                     
2024-06-21T22:25:11.327+05:30  INFO 89459 --- [    Test worker] o.a.zookeeper.server.ZooKeeperServer     :                                               |_|                     
2024-06-21T22:25:11.327+05:30  INFO 89459 --- [    Test worker] o.a.zookeeper.server.ZooKeeperServer     : 
2024-06-21T22:25:11.348+05:30  INFO 89459 --- [    Test worker] o.a.zookeeper.server.ZooKeeperServer     : Server environment:zookeeper.version=3.6.4--d65253dcf68e9097c6e95a126463fd5fdeb4521c, built on 12/18/2022 18:10 GMT
2024-06-21T22:25:11.348+05:30  INFO 89459 --- [    Test worker] o.a.zookeeper.server.ZooKeeperServer     : Server environment:host.name=192.168.1.7
2024-06-21T22:25:11.348+05:30  INFO 89459 --- [    Test worker] o.a.zookeeper.server.ZooKeeperServer     : Server environment:java.version=20.0.2
2024-06-21T22:25:11.348+05:30  INFO 89459 --- [    Test worker] o.a.zookeeper.server.ZooKeeperServer     : Server environment:java.vendor=Oracle Corporation
2024-06-21T22:25:11.348+05:30  INFO 89459 --- [    Test worker] o.a.zookeeper.server.ZooKeeperServer     : Server environment:java.home=/Library/Java/JavaVirtualMachines/jdk-20.jdk/Contents/Home
2024-06-21T22:25:11.348+05:30  INFO 89459 --- [    Test worker] o.a.zookeeper.server.ZooKeeperServer     : Server environment:java.class.path=/Users/ekankaar/.gradle/caches/8.5/workerMain/gradle-worker.jar:/Users/ekankaar/IdeaProjects/kafka1/build/classes/java/test:/Users/ekankaar/IdeaProjects/kafka1/build/classes/java/main:/Users/ekankaar/IdeaProjects/kafka1/build/resources/main:/Users/ekankaar/.gradle/caches/modules-2/files-2.1/org.springframework.boot/spring-boot-starter-web/3.1.1/f2c2d9e35430e4b4a98ad91780bb9b2d1deec08/spring-boot-starter-web-3.1.1.jar:/Users/ekankaar/.gradle/caches/modules-2/files-2.1/org.springframework.kafka/spring-kafka/3.0.8/5414e0e12541429e19cb8f120bb7479d0b79f4e9/spring-kafka-3.0.8.jar:/Users/ekankaar/.gradle/caches/modules-2/files-2.1/org.springframework.boot/spring-boot-starter-data-cassandra/3.1.1/9bfa8959ff35b183e235a99d8e20ce1058898b0e/spring-boot-starter-data-cassandra-3.1.1.jar:/Users/ekankaar/.gradle/caches/modules-2/files-2.1/org.springframework.data/spring-data-cassandra/4.1.1/2f39f0baf6743039dd5479b10481758c4722ed82/spring-data-cassandra-4.1.1.jar:/Users/ekankaar/.gradle/caches/modules-2/files-2.1/com.datastax.oss/java-driver-query-builder/4.15.0/308cebab44e688c05ab61390005500d8db231ecd/java-driver-query-builder-4.15.0.jar:/Users/ekankaar/.gradle/caches/modules-2/files-2.1/com.datastax.oss/java-driver-core/4.15.0/aedf50875f5be8589770957735d37d2580ca5ac5/java-driver-core-4.15.0.jar:/Users/ekankaar/.gradle/caches/modules-2/files-2.1/javax.annotation/javax.annotation-api/1.3.2/934c04d3cfef185a8008e7bf34331b79730a9d43/javax.annotation-api-1.3.2.jar:/Users/ekankaar/.gradle/caches/modules-2/files-2.1/org.springframework.boot/spring-boot-starter-test/3.1.1/6e69181686ec1c9af137f038ddf6cd1830a2af19/spring-boot-starter-test-3.1.1.jar:/Users/ekankaar/.gradle/caches/modules-2/files-2.1/org.springframework.kafka/spring-kafka-test/3.0.8/2336184ab2cebf24b90fdb82d0d0f0bf74236c4c/spring-kafka-test-3.0.8.jar:/Users/ekankaar/.gradle/caches/modules-2/files-2.1/org.mockito/mockito-junit-jupiter/5.3.1/d6ac0f6d54addf02def4ba1213f73a15ae6c2308/mockito-junit-jupiter-5.3.1.jar:/Users/ekankaar/.gradle/caches/modules-2/files-2.1/org.mockito/mockito-core/3.11.2/bb97012477172d7c04ff2193e31fcb38dd171879/mockito-core-3.11.2.jar:/Users/ekankaar/.gradle/caches/modules-2/files-2.1/org.springframework.boot/spring-boot-starter-json/3.1.1/8dc99860536a6a858de6caaeb67f84d7af8a30a3/spring-boot-starter-json-3.1.1.jar:/Users/ekankaar/.gradle/caches/modules-2/files-2.1/org.springframework.boot/spring-boot-starter/3.1.1/cf74eeaef5a265c75dd89fea829391bf08efdb6c/spring-boot-starter-3.1.1.jar:/Users/ekankaar/.gradle/caches/modules-2/files-2.1/org.springframework.boot/spring-boot-starter-tomcat/3.1.1/927f80fb9d8816209420223d1a1a09e730ea78e6/spring-boot-starter-tomcat-3.1.1.jar:/Users/ekankaar/.gradle/caches/modules-2/files-2.1/org.springframework/spring-webmvc/6.0.10/af3f040747f4bfbcdb96140f8c9d252d3a6a4ef1/spring-webmvc-6.0.10.jar:/Users/ekankaar/.gradle/caches/modules-2/files-2.1/org.springframework/spring-web/6.0.10/e61defa7908bf7a499f000dab8ef7691c2aa75c1/spring-web-6.0.10.jar:/Users/ekankaar/.gradle/caches/modules-2/files-2.1/org.springframework.boot/spring-boot-test-autoconfigure/3.1.1/4d6b05666438577e2fa7a1cbad6f58956bee34d7/spring-boot-test-autoconfigure-3.1.1.jar:/Users/ekankaar/.gradle/caches/modules-2/files-2.1/org.springframework.boot/spring-boot-test/3.1.1/8481164eedc07955e903cb4442dc23a868eecb8d/spring-boot-test-3.1.1.jar:/Users/ekankaar/.gradle/caches/modules-2/files-2.1/org.springframework.boot/spring-boot-autoconfigure/3.1.1/618ec717eef4ba2ff347c7713150aac8e73fe233/spring-boot-autoconfigure-3.1.1.jar:/Users/ekankaar/.gradle/caches/modules-2/files-2.1/org.springframework.boot/spring-boot/3.1.1/f8f80c1453c8fe0e08a6235f983d8daf571d3e3/spring-boot-3.1.1.jar:/Users/ekankaar/.gradle/caches/modules-2/files-2.1/org.springframework/spring-context/6.0.10/e2bd59f05c95647a274b7719d419cf8fde6f25a0/spring-context-6.0.10.jar:/Users/ekankaar/.gradle/caches/modules-2/files-2.1/org.springframework/spring-messaging/6.0.10/4854409bad759c2e65456b421604acf97e0237fc/spring-messaging-6.0.10.jar:/Users/ekankaar/.gradle/caches/modules-2/files-2.1/org.springframework/spring-tx/6.0.10/459698d22aadc881afe425934cca79cc1f6bce91/spring-tx-6.0.10.jar:/Users/ekankaar/.gradle/caches/modules-2/files-2.1/org.springframework.retry/spring-retry/2.0.2/bd0d8859447e4311c0e0e4bfb5d571d57d9011cf/spring-retry-2.0.2.jar:/Users/ekankaar/.gradle/caches/modules-2/files-2.1/org.apache.kafka/kafka_2.13/3.4.1/abdaaefcae89fd0dd202be18093e04ddfc53d5b2/kafka_2.13-3.4.1.jar:/Users/ekankaar/.gradle/caches/modules-2/files-2.1/org.apache.kafka/kafka_2.13/3.4.1/4a1223ed7bd937076bdeab65c61bb635f6905dc6/kafka_2.13-3.4.1-test.jar:/Users/ekankaar/.gradle/caches/modules-2/files-2.1/org.apache.kafka/kafka-metadata/3.4.1/e91063c1fc7e555fbe199d1b6cce340e04f90136/kafka-metadata-3.4.1.jar:/Users/ekankaar/.gradle/caches/modules-2/files-2.1/org.apache.kafka/kafka-streams-test-utils/3.4.1/d734d418ea7f354aeb794e4213f2a9ac01c421e6/kafka-streams-test-utils-3.4.1.jar:/Users/ekankaar/.gradle/caches/modules-2/files-2.1/org.apache.kafka/kafka-raft/3.4.1/3c8a3290386a7a3be488db0d0507706770c7c4f6/kafka-raft-3.4.1.jar:/Users/ekankaar/.gradle/caches/modules-2/files-2.1/org.apache.kafka/kafka-group-coordinator/3.4.1/efff581581a27ccab79032551a4a14f05c70d937/kafka-group-coordinator-3.4.1.jar:/Users/ekankaar/.gradle/caches/modules-2/files-2.1/org.apache.kafka/kafka-storage/3.4.1/a057dc62339f6b2bc0ebc5bd728d0055c6e2c160/kafka-storage-3.4.1.jar:/Users/ekankaar/.gradle/caches/modules-2/files-2.1/org.apache.kafka/kafka-server-common/3.4.1/a6053b5de69e61af7c397e71a30f444be41031f0/kafka-server-common-3.4.1.jar:/Users/ekankaar/.gradle/caches/modules-2/files-2.1/org.apache.kafka/kafka-streams/3.4.1/34a015ffb1d600f348ae1c3fd3a64dcbc9314c30/kafka-streams-3.4.1.jar:/Users/ekankaar/.gradle/caches/modules-2/files-2.1/org.apache.kafka/kafka-storage-api/3.4.1/e79aac2d3d1a5765bcb1e842e35b2eef8e688020/kafka-storage-api-3.4.1.jar:/Users/ekankaar/.gradle/caches/modules-2/files-2.1/org.apache.kafka/kafka-clients/3.4.1/a2f55251deb3d31a21903a0cfbd4d1fa6b7463ca/kafka-clients-3.4.1.jar:/Users/ekankaar/.gradle/caches/modules-2/files-2.1/org.apache.kafka/kafka-clients/3.4.1/eccad2d7f67d58a9d28b34e6fe63cd78767bb6af/kafka-clients-3.4.1-test.jar:/Users/ekankaar/.gradle/caches/modules-2/files-2.1/io.micrometer/micrometer-observation/1.11.1/9027a35892c7e08ea8affce87b3662b6ceca122c/micrometer-observation-1.11.1.jar:/Users/ekankaar/.gradle/caches/modules-2/files-2.1/com.github.spotbugs/spotbugs-annotations/3.1.12/ba2c77a05091820668987292f245f3b089387bfa/spotbugs-annotations-3.1.12.jar:/Users/ekankaar/.gradle/caches/modules-2/files-2.1/com.google.code.findbugs/jsr305/3.0.2/25ea2e8b0c338a877313bd4672d3fe056ea78f0d/jsr305-3.0.2.jar:/Users/ekankaar/.gradle/caches/modules-2/files-2.1/com.datastax.oss/native-protocol/1.5.1/97e812373a5fe7667384e7ad67819d2c71878bf8/native-protocol-1.5.1.jar:/Users/ekankaar/.gradle/caches/modules-2/files-2.1/org.apache.zookeeper/zookeeper/3.6.4/7c035d7130a0dcb55e9566ba304ebda4763b002d/zookeeper-3.6.4.jar:/Users/ekankaar/.gradle/caches/modules-2/files-2.1/io.netty/netty-handler/4.1.94.Final/cd9121ce24d6d3f2898946d04b0ef3ec548b00b4/netty-handler-4.1.94.Final.jar:/Users/ekankaar/.gradle/caches/modules-2/files-2.1/com.datastax.oss/java-driver-shaded-guava/25.1-jre-graal-sub-1/522771d14d6b7dba67056a39db33f205ffbed6a4/java-driver-shaded-guava-25.1-jre-graal-sub-1.jar:/Users/ekankaar/.gradle/caches/modules-2/files-2.1/com.typesafe/config/1.4.1/19058a07624a87f90d129af7cd9c68bee94535a9/config-1.4.1.jar:/Users/ekankaar/.gradle/caches/modules-2/files-2.1/com.github.jnr/jnr-posix/3.1.15/f7d6737adcbd5925d625b8f99166de2cbf13caac/jnr-posix-3.1.15.jar:/Users/ekankaar/.gradle/caches/modules-2/files-2.1/io.dropwizard.metrics/metrics-core/4.2.19/d32b4c3f3e733bf4cb239ca4204fbed8464973a5/metrics-core-4.2.19.jar:/Users/ekankaar/.gradle/caches/modules-2/files-2.1/com.jayway.jsonpath/json-path/2.8.0/b4ab3b7a9e425655a0ca65487bbbd6d7ddb75160/json-path-2.8.0.jar:/Users/ekankaar/.gradle/caches/modules-2/files-2.1/org.springframework.data/spring-data-commons/3.1.1/cfc10ccc41910b7b6e83cf27debaac73229572e0/spring-data-commons-3.1.1.jar:/Users/ekankaar/.gradle/caches/modules-2/files-2.1/com.yammer.metrics/metrics-core/2.2.0/f82c035cfa786d3cbec362c38c22a5f5b1bc8724/metrics-core-2.2.0.jar:/Users/ekankaar/.gradle/caches/modules-2/files-2.1/org.bitbucket.b_c/jose4j/0.9.3/9670e11587194cb6b1b2edcaa688a3fab85b4148/jose4j-0.9.3.jar:/Users/ekankaar/.gradle/caches/modules-2/files-2.1/com.typesafe.scala-logging/scala-logging_2.13/3.9.4/e5838ddcf8c1c2b612a7956b9f80423a508675db/scala-logging_2.13-3.9.4.jar:/Users/ekankaar/.gradle/caches/modules-2/files-2.1/org.springframework.boot/spring-boot-starter-logging/3.1.1/53bb456e4bf8f751de5a6ce154707b052946fd43/spring-boot-starter-logging-3.1.1.jar:/Users/ekankaar/.gradle/caches/modules-2/files-2.1/ch.qos.logback/logback-classic/1.4.8/f00ba91d993e4d14301b11968d3cacc3be7ef3e1/logback-classic-1.4.8.jar:/Users/ekankaar/.gradle/caches/modules-2/files-2.1/org.apache.logging.log4j/log4j-to-slf4j/2.20.0/d37f81f8978e2672bc32c82712ab4b3f66624adc/log4j-to-slf4j-2.20.0.jar:/Users/ekankaar/.gradle/caches/modules-2/files-2.1/org.slf4j/jul-to-slf4j/2.0.7/a48f44aeaa8a5ddc347007298a28173ac1fbbd8b/jul-to-slf4j-2.0.7.jar:/Users/ekankaar/.gradle/caches/modules-2/files-2.1/org.slf4j/slf4j-api/2.0.7/41eb7184ea9d556f23e18b5cb99cad1f8581fc00/slf4j-api-2.0.7.jar:/Users/ekankaar/.gradle/caches/modules-2/files-2.1/org.hdrhistogram/HdrHistogram/2.1.12/6eb7552156e0d517ae80cc2247be1427c8d90452/HdrHistogram-2.1.12.jar:/Users/ekankaar/.gradle/caches/modules-2/files-2.1/com.fasterxml.jackson.datatype/jackson-datatype-jsr310/2.15.2/30d16ec2aef6d8094c5e2dce1d95034ca8b6cb42/jackson-datatype-jsr310-2.15.2.jar:/Users/ekankaar/.gradle/caches/modules-2/files-2.1/com.fasterxml.jackson.module/jackson-module-parameter-names/2.15.2/75f8d2788db20f6c587c7a19e94fb6248c314241/jackson-module-parameter-names-2.15.2.jar:/Users/ekankaar/.gradle/caches/modules-2/files-2.1/com.fasterxml.jackson.module/jackson-module-scala_2.13/2.15.2/405653902e735adbd95c323f68e6a787f0c55c45/jackson-module-scala_2.13-2.15.2.jar:/Users/ekankaar/.gradle/caches/modules-2/files-2.1/com.fasterxml.jackson.dataformat/jackson-dataformat-csv/2.15.2/2de7d1c43f3e99526a5debdf26fc6b1192e811f0/jackson-dataformat-csv-2.15.2.jar:/Users/ekankaar/.gradle/caches/modules-2/files-2.1/com.fasterxml.jackson.core/jackson-annotations/2.15.2/4724a65ac8e8d156a24898d50fd5dbd3642870b8/jackson-annotations-2.15.2.jar:/Users/ekankaar/.gradle/caches/modules-2/files-2.1/com.fasterxml.jackson.datatype/jackson-datatype-jdk8/2.15.2/66a50e089cfd2f93896b9b6f7a734cea7bcf2f31/jackson-datatype-jdk8-2.15.2.jar:/Users/ekankaar/.gradle/caches/modules-2/files-2.1/com.fasterxml.jackson.core/jackson-databind/2.15.2/9353b021f10c307c00328f52090de2bdb4b6ff9c/jackson-databind-2.15.2.jar:/Users/ekankaar/.gradle/caches/modules-2/files-2.1/com.fasterxml.jackson.core/jackson-core/2.15.2/a6fe1836469a69b3ff66037c324d75fc66ef137c/jackson-core-2.15.2.jar:/Users/ekankaar/.gradle/caches/modules-2/files-2.1/org.reactivestreams/reactive-streams/1.0.4/3864a1320d97d7b045f729a326e1e077661f31b7/reactive-streams-1.0.4.jar:/Users/ekankaar/.gradle/caches/modules-2/files-2.1/com.github.stephenc.jcip/jcip-annotations/1.0-1/ef31541dd28ae2cefdd17c7ebf352d93e9058c63/jcip-annotations-1.0-1.jar:/Users/ekankaar/.gradle/caches/modules-2/files-2.1/jakarta.xml.bind/jakarta.xml.bind-api/4.0.0/bbb399208d288b15ec101fa4fcfc4bd77cedc97a/jakarta.xml.bind-api-4.0.0.jar:/Users/ekankaar/.gradle/caches/modules-2/files-2.1/net.minidev/json-smart/2.4.11/cc5888f14a5768f254b97bafe8b9fd29b31e872e/json-smart-2.4.11.jar:/Users/ekankaar/.gradle/caches/modules-2/files-2.1/org.assertj/assertj-core/3.24.2/ebbf338e33f893139459ce5df023115971c2786f/assertj-core-3.24.2.jar:/Users/ekankaar/.gradle/caches/modules-2/files-2.1/org.hamcrest/hamcrest/2.2/1820c0968dba3a11a1b30669bb1f01978a91dedc/hamcrest-2.2.jar:/Users/ekankaar/.gradle/caches/modules-2/files-2.1/org.junit.jupiter/junit-jupiter-params/5.9.3/9e2a4bf6016a1975f408a73523392875cff7c26f/junit-jupiter-params-5.9.3.jar:/Users/ekankaar/.gradle/caches/modules-2/files-2.1/org.junit.jupiter/junit-jupiter-engine/5.9.3/355322b03bf39306a183162cd06626c206f0286b/junit-jupiter-engine-5.9.3.jar:/Users/ekankaar/.gradle/caches/modules-2/files-2.1/org.junit.jupiter/junit-jupiter-api/5.9.3/815818ad6ffcc8d320d8fbdf3d748c753cf83201/junit-jupiter-api-5.9.3.jar:/Users/ekankaar/.gradle/caches/modules-2/files-2.1/org.junit.platform/junit-platform-launcher/1.9.3/485650bfe2a2f39b606a6ca013285afda2eaee79/junit-platform-launcher-1.9.3.jar:/Users/ekankaar/.gradle/caches/modules-2/files-2.1/org.junit.platform/junit-platform-engine/1.9.3/8616734a190f8d307376aeb7353dba0a2c037a09/junit-platform-engine-1.9.3.jar:/Users/ekankaar/.gradle/caches/modules-2/files-2.1/org.junit.platform/junit-platform-commons/1.9.3/36b2e26a90c41603be7f0094bee80e3f8a2cd4d4/junit-platform-commons-1.9.3.jar:/Users/ekankaar/.gradle/caches/modules-2/files-2.1/org.junit.jupiter/junit-jupiter/5.9.3/72e840501e1550e9799c9a5cc9483d7d6b29e0ba/junit-jupiter-5.9.3.jar:/Users/ekankaar/.gradle/caches/modules-2/files-2.1/org.skyscreamer/jsonassert/1.5.1/6d842d0faf4cf6725c509a5e5347d319ee0431c3/jsonassert-1.5.1.jar:/Users/ekankaar/.gradle/caches/modules-2/files-2.1/org.springframework/spring-test/6.0.10/8773ebcd0e6822e2e5a816752cbe2419d7b1b4b4/spring-test-6.0.10.jar:/Users/ekankaar/.gradle/caches/modules-2/files-2.1/org.springframework/spring-aop/6.0.10/cc309a306fa759018b107dea9a208c758af0297/spring-aop-6.0.10.jar:/Users/ekankaar/.gradle/caches/modules-2/files-2.1/org.springframework/spring-beans/6.0.10/8fc0684773cc1598edd810660f57d9e9c8ae6055/spring-beans-6.0.10.jar:/Users/ekankaar/.gradle/caches/modules-2/files-2.1/org.springframework/spring-expression/6.0.10/bd8c93e473e713fe9150a772487507a8e600d5f1/spring-expression-6.0.10.jar:/Users/ekankaar/.gradle/caches/modules-2/files-2.1/org.springframework/spring-core/6.0.10/889aa214b6607763ddeb6bd391d682cd71681b36/spring-core-6.0.10.jar:/Users/ekankaar/.gradle/caches/modules-2/files-2.1/org.xmlunit/xmlunit-core/2.9.1/e5833662d9a1279a37da3ef6f62a1da29fcd68c4/xmlunit-core-2.9.1.jar:/Users/ekankaar/.gradle/caches/modules-2/files-2.1/net.bytebuddy/byte-buddy/1.14.5/28a424c0c4f362568e904d992c239c996cf7adc7/byte-buddy-1.14.5.jar:/Users/ekankaar/.gradle/caches/modules-2/files-2.1/net.bytebuddy/byte-buddy-agent/1.14.5/20f4e9b9d0ffb953657bfa4b92c0cceb27907d58/byte-buddy-agent-1.14.5.jar:/Users/ekankaar/.gradle/caches/modules-2/files-2.1/org.objenesis/objenesis/3.2/7fadf57620c8b8abdf7519533e5527367cb51f09/objenesis-3.2.jar:/Users/ekankaar/.gradle/caches/modules-2/files-2.1/jakarta.annotation/jakarta.annotation-api/2.1.1/48b9bda22b091b1f48b13af03fe36db3be6e1ae3/jakarta.annotation-api-2.1.1.jar:/Users/ekankaar/.gradle/caches/modules-2/files-2.1/org.yaml/snakeyaml/1.33/2cd0a87ff7df953f810c344bdf2fe3340b954c69/snakeyaml-1.33.jar:/Users/ekankaar/.gradle/caches/modules-2/files-2.1/org.apache.tomcat.embed/tomcat-embed-websocket/10.1.10/10604119402bcaa8490b638698ad177f8df4c50c/tomcat-embed-websocket-10.1.10.jar:/Users/ekankaar/.gradle/caches/modules-2/files-2.1/org.apache.tomcat.embed/tomcat-embed-core/10.1.10/7423236b34aa78d6f36592b2aa294d7c8469f219/tomcat-embed-core-10.1.10.jar:/Users/ekankaar/.gradle/caches/modules-2/files-2.1/org.apache.tomcat.embed/tomcat-embed-el/10.1.10/717033c0417fdc7e794b382c066b7e78f6029268/tomcat-embed-el-10.1.10.jar:/Users/ekankaar/.gradle/caches/modules-2/files-2.1/com.github.luben/zstd-jni/1.5.2-1/fad786abc1d1b81570e8d9a2fc8a1ef479bc27b6/zstd-jni-1.5.2-1.jar:/Users/ekankaar/.gradle/caches/modules-2/files-2.1/org.lz4/lz4-java/1.8.0/4b986a99445e49ea5fbf5d149c4b63f6ed6c6780/lz4-java-1.8.0.jar:/Users/ekankaar/.gradle/caches/modules-2/files-2.1/org.xerial.snappy/snappy-java/1.1.8.4/66f0d56454509f6e36175f2331572e250e04a6cc/snappy-java-1.1.8.4.jar:/Users/ekankaar/.gradle/caches/modules-2/files-2.1/io.micrometer/micrometer-commons/1.11.1/45bc0f2aa4d6180f1a783f1930f307a4efbb12e8/micrometer-commons-1.11.1.jar:/Users/ekankaar/.gradle/caches/modules-2/files-2.1/io.netty/netty-transport-native-epoll/4.1.94.Final/1f77c54f1877d9ed51f207eb64a5634bdcc7efa1/netty-transport-native-epoll-4.1.94.Final.jar:/Users/ekankaar/.gradle/caches/modules-2/files-2.1/io.netty/netty-transport-classes-epoll/4.1.94.Final/240e36cd5c2ffaf655913f8857f2d58b26394679/netty-transport-classes-epoll-4.1.94.Final.jar:/Users/ekankaar/.gradle/caches/modules-2/files-2.1/io.netty/netty-transport-native-unix-common/4.1.94.Final/3fa5f9d04b6b782d869d6e0657d896eeadca5866/netty-transport-native-unix-common-4.1.94.Final.jar:/Users/ekankaar/.gradle/caches/modules-2/files-2.1/io.netty/netty-codec/4.1.94.Final/c70ef20ca338558147887df60f46341bc47f6900/netty-codec-4.1.94.Final.jar:/Users/ekankaar/.gradle/caches/modules-2/files-2.1/io.netty/netty-transport/4.1.94.Final/ec783a737f96991a87b1d5794e2f9eb2024d708a/netty-transport-4.1.94.Final.jar:/Users/ekankaar/.gradle/caches/modules-2/files-2.1/io.netty/netty-resolver/4.1.94.Final/e96f649e8e9dcb29a1f8e95328b99c9eb6cf76c2/netty-resolver-4.1.94.Final.jar:/Users/ekankaar/.gradle/caches/modules-2/files-2.1/io.netty/netty-buffer/4.1.94.Final/eec248b26f16e888688e5bb37b7eeda76b78d2f7/netty-buffer-4.1.94.Final.jar:/Users/ekankaar/.gradle/caches/modules-2/files-2.1/io.netty/netty-common/4.1.94.Final/ad4ecf779ebc794cd351f57792f56ea01387b868/netty-common-4.1.94.Final.jar:/Users/ekankaar/.gradle/caches/modules-2/files-2.1/com.github.jnr/jnr-ffi/2.2.11/bcf004ce358c87fc4cd2853b658d336348d0370f/jnr-ffi-2.2.11.jar:/Users/ekankaar/.gradle/caches/modules-2/files-2.1/com.github.jnr/jnr-constants/0.10.3/af19ec7359dd72cbc7869c00bf7cdfa4c308e985/jnr-constants-0.10.3.jar:/Users/ekankaar/.gradle/caches/modules-2/files-2.1/jakarta.activation/jakarta.activation-api/2.1.2/640c0d5aff45dbff1e1a1bc09673ff3a02b1ba12/jakarta.activation-api-2.1.2.jar:/Users/ekankaar/.gradle/caches/modules-2/files-2.1/net.minidev/accessors-smart/2.4.11/245ceca7bdf3190fbb977045c852d5f3c8efece1/accessors-smart-2.4.11.jar:/Users/ekankaar/.gradle/caches/modules-2/files-2.1/com.vaadin.external.google/android-json/0.0.20131108.vaadin1/fa26d351fe62a6a17f5cda1287c1c6110dec413f/android-json-0.0.20131108.vaadin1.jar:/Users/ekankaar/.gradle/caches/modules-2/files-2.1/org.springframework/spring-jcl/6.0.10/cba44e98dab40a506c50978a0e5f11ceaa90b3ff/spring-jcl-6.0.10.jar:/Users/ekankaar/.gradle/caches/modules-2/files-2.1/org.apache.zookeeper/zookeeper-jute/3.6.4/873a0acd6a1434bec0e1b5a5ef88b07a20727fb4/zookeeper-jute-3.6.4.jar:/Users/ekankaar/.gradle/caches/modules-2/files-2.1/org.apache.yetus/audience-annotations/0.13.0/8ad1147dcd02196e3924013679c6bf4c25d8c351/audience-annotations-0.13.0.jar:/Users/ekankaar/.gradle/caches/modules-2/files-2.1/net.sourceforge.argparse4j/argparse4j/0.7.0/6f0621d0c3888de39e0f06d01f37ba53a798e657/argparse4j-0.7.0.jar:/Users/ekankaar/.gradle/caches/modules-2/files-2.1/net.sf.jopt-simple/jopt-simple/5.0.4/4fdac2fbe92dfad86aa6e9301736f6b4342a3f5c/jopt-simple-5.0.4.jar:/Users/ekankaar/.gradle/caches/modules-2/files-2.1/org.scala-lang.modules/scala-collection-compat_2.13/2.10.0/2464528d14329ff2b44bceff918d6c00300adcf4/scala-collection-compat_2.13-2.10.0.jar:/Users/ekankaar/.gradle/caches/modules-2/files-2.1/org.scala-lang.modules/scala-java8-compat_2.13/1.0.2/5b54f60ccf03e41e24c466462a72475ee918c304/scala-java8-compat_2.13-1.0.2.jar:/Users/ekankaar/.gradle/caches/modules-2/files-2.1/org.scala-lang/scala-reflect/2.13.10/f19c2a5fc93a63398a5cfc56a14f0abf1d28d27c/scala-reflect-2.13.10.jar:/Users/ekankaar/.gradle/caches/modules-2/files-2.1/commons-cli/commons-cli/1.4/c51c00206bb913cd8612b24abd9fa98ae89719b1/commons-cli-1.4.jar:/Users/ekankaar/.gradle/caches/modules-2/files-2.1/org.scala-lang/scala-library/2.13.10/67c1afabaea9ba51321159e70a78515647e1b73d/scala-library-2.13.10.jar:/Users/ekankaar/.gradle/caches/modules-2/files-2.1/org.opentest4j/opentest4j/1.2.0/28c11eb91f9b6d8e200631d46e20a7f407f2a046/opentest4j-1.2.0.jar:/Users/ekankaar/.gradle/caches/modules-2/files-2.1/com.github.jnr/jffi/1.3.9/b776ea131fa693af2c943368b52acf94131cbd7/jffi-1.3.9.jar:/Users/ekankaar/.gradle/caches/modules-2/files-2.1/com.github.jnr/jffi/1.3.9/163d683f80c06911f3e770c723d6e399e4c59448/jffi-1.3.9-native.jar:/Users/ekankaar/.gradle/caches/modules-2/files-2.1/org.ow2.asm/asm-commons/9.2/f4d7f0fc9054386f2893b602454d48e07d4fbead/asm-commons-9.2.jar:/Users/ekankaar/.gradle/caches/modules-2/files-2.1/org.ow2.asm/asm-util/9.2/fbc178fc5ba3dab50fd7e8a5317b8b647c8e8946/asm-util-9.2.jar:/Users/ekankaar/.gradle/caches/modules-2/files-2.1/org.ow2.asm/asm-analysis/9.2/7487dd756daf96cab9986e44b9d7bcb796a61c10/asm-analysis-9.2.jar:/Users/ekankaar/.gradle/caches/modules-2/files-2.1/org.ow2.asm/asm-tree/9.2/d96c99a30f5e1a19b0e609dbb19a44d8518ac01e/asm-tree-9.2.jar:/Users/ekankaar/.gradle/caches/modules-2/files-2.1/org.ow2.asm/asm/9.3/8e6300ef51c1d801a7ed62d07cd221aca3a90640/asm-9.3.jar:/Users/ekankaar/.gradle/caches/modules-2/files-2.1/com.github.jnr/jnr-a64asm/1.0.0/a1cb8dbe71b5a6a0288043c3ba3ca64545be165/jnr-a64asm-1.0.0.jar:/Users/ekankaar/.gradle/caches/modules-2/files-2.1/com.github.jnr/jnr-x86asm/1.0.2/6936bbd6c5b235665d87bd450f5e13b52d4b48/jnr-x86asm-1.0.2.jar:/Users/ekankaar/.gradle/caches/modules-2/files-2.1/org.rocksdb/rocksdbjni/7.1.2/ffe87d1c5d5b3a46d065cc4cf5311f18d8233a6b/rocksdbjni-7.1.2.jar:/Users/ekankaar/.gradle/caches/modules-2/files-2.1/com.thoughtworks.paranamer/paranamer/2.8/619eba74c19ccf1da8ebec97a2d7f8ba05773dd6/paranamer-2.8.jar:/Users/ekankaar/.gradle/caches/modules-2/files-2.1/ch.qos.logback/logback-core/1.4.8/3fba9c105e0efc5ffdcda701379687917d5286f7/logback-core-1.4.8.jar:/Users/ekankaar/.gradle/caches/modules-2/files-2.1/org.apache.logging.log4j/log4j-api/2.20.0/1fe6082e660daf07c689a89c94dc0f49c26b44bb/log4j-api-2.20.0.jar
2024-06-21T22:25:11.349+05:30  INFO 89459 --- [    Test worker] o.a.zookeeper.server.ZooKeeperServer     : Server environment:java.library.path=/Users/ekankaar/Library/Java/Extensions:/Library/Java/Extensions:/Network/Library/Java/Extensions:/System/Library/Java/Extensions:/usr/lib/java:.
2024-06-21T22:25:11.349+05:30  INFO 89459 --- [    Test worker] o.a.zookeeper.server.ZooKeeperServer     : Server environment:java.io.tmpdir=/var/folders/22/k85s8fsx4fd3yz59ymwrqgz80000gn/T/
2024-06-21T22:25:11.349+05:30  INFO 89459 --- [    Test worker] o.a.zookeeper.server.ZooKeeperServer     : Server environment:java.compiler=<NA>
2024-06-21T22:25:11.349+05:30  INFO 89459 --- [    Test worker] o.a.zookeeper.server.ZooKeeperServer     : Server environment:os.name=Mac OS X
2024-06-21T22:25:11.349+05:30  INFO 89459 --- [    Test worker] o.a.zookeeper.server.ZooKeeperServer     : Server environment:os.arch=aarch64
2024-06-21T22:25:11.349+05:30  INFO 89459 --- [    Test worker] o.a.zookeeper.server.ZooKeeperServer     : Server environment:os.version=14.5
2024-06-21T22:25:11.349+05:30  INFO 89459 --- [    Test worker] o.a.zookeeper.server.ZooKeeperServer     : Server environment:user.name=ekankaar
2024-06-21T22:25:11.349+05:30  INFO 89459 --- [    Test worker] o.a.zookeeper.server.ZooKeeperServer     : Server environment:user.home=/Users/ekankaar
2024-06-21T22:25:11.349+05:30  INFO 89459 --- [    Test worker] o.a.zookeeper.server.ZooKeeperServer     : Server environment:user.dir=/Users/ekankaar/IdeaProjects/kafka1
2024-06-21T22:25:11.349+05:30  INFO 89459 --- [    Test worker] o.a.zookeeper.server.ZooKeeperServer     : Server environment:os.memory.free=16MB
2024-06-21T22:25:11.349+05:30  INFO 89459 --- [    Test worker] o.a.zookeeper.server.ZooKeeperServer     : Server environment:os.memory.max=512MB
2024-06-21T22:25:11.349+05:30  INFO 89459 --- [    Test worker] o.a.zookeeper.server.ZooKeeperServer     : Server environment:os.memory.total=60MB
2024-06-21T22:25:11.349+05:30  INFO 89459 --- [    Test worker] o.a.zookeeper.server.ZooKeeperServer     : zookeeper.enableEagerACLCheck = false
2024-06-21T22:25:11.350+05:30  INFO 89459 --- [    Test worker] o.a.zookeeper.server.ZooKeeperServer     : zookeeper.digest.enabled = true
2024-06-21T22:25:11.350+05:30  INFO 89459 --- [    Test worker] o.a.zookeeper.server.ZooKeeperServer     : zookeeper.closeSessionTxn.enabled = true
2024-06-21T22:25:11.350+05:30  INFO 89459 --- [    Test worker] o.a.zookeeper.server.ZooKeeperServer     : zookeeper.flushDelay=0
2024-06-21T22:25:11.350+05:30  INFO 89459 --- [    Test worker] o.a.zookeeper.server.ZooKeeperServer     : zookeeper.maxWriteQueuePollTime=0
2024-06-21T22:25:11.350+05:30  INFO 89459 --- [    Test worker] o.a.zookeeper.server.ZooKeeperServer     : zookeeper.maxBatchSize=1000
2024-06-21T22:25:11.350+05:30  INFO 89459 --- [    Test worker] o.a.zookeeper.server.ZooKeeperServer     : zookeeper.intBufferStartingSizeBytes = 1024
2024-06-21T22:25:11.351+05:30  INFO 89459 --- [    Test worker] o.a.z.server.persistence.FileTxnSnapLog  : zookeeper.snapshot.trust.empty : false
2024-06-21T22:25:11.360+05:30  INFO 89459 --- [    Test worker] o.a.z.server.watch.WatchManagerFactory   : Using org.apache.zookeeper.server.watch.WatchManager as watch manager
2024-06-21T22:25:11.360+05:30  INFO 89459 --- [    Test worker] o.a.z.server.watch.WatchManagerFactory   : Using org.apache.zookeeper.server.watch.WatchManager as watch manager
2024-06-21T22:25:11.360+05:30  INFO 89459 --- [    Test worker] org.apache.zookeeper.server.ZKDatabase   : zookeeper.snapshotSizeFactor = 0.33
2024-06-21T22:25:11.360+05:30  INFO 89459 --- [    Test worker] org.apache.zookeeper.server.ZKDatabase   : zookeeper.commitLogCount=500
2024-06-21T22:25:11.362+05:30  INFO 89459 --- [    Test worker] o.apache.zookeeper.server.BlueThrottle   : Weighed connection throttling is disabled
2024-06-21T22:25:11.365+05:30  INFO 89459 --- [    Test worker] o.a.zookeeper.server.ZooKeeperServer     : minSessionTimeout set to 1600
2024-06-21T22:25:11.365+05:30  INFO 89459 --- [    Test worker] o.a.zookeeper.server.ZooKeeperServer     : maxSessionTimeout set to 16000
2024-06-21T22:25:11.366+05:30  INFO 89459 --- [    Test worker] o.apache.zookeeper.server.ResponseCache  : Response cache size is initialized with value 400.
2024-06-21T22:25:11.366+05:30  INFO 89459 --- [    Test worker] o.apache.zookeeper.server.ResponseCache  : Response cache size is initialized with value 400.
2024-06-21T22:25:11.368+05:30  INFO 89459 --- [    Test worker] o.a.z.s.u.RequestPathMetricsCollector    : zookeeper.pathStats.slotCapacity = 60
2024-06-21T22:25:11.369+05:30  INFO 89459 --- [    Test worker] o.a.z.s.u.RequestPathMetricsCollector    : zookeeper.pathStats.slotDuration = 15
2024-06-21T22:25:11.369+05:30  INFO 89459 --- [    Test worker] o.a.z.s.u.RequestPathMetricsCollector    : zookeeper.pathStats.maxDepth = 6
2024-06-21T22:25:11.369+05:30  INFO 89459 --- [    Test worker] o.a.z.s.u.RequestPathMetricsCollector    : zookeeper.pathStats.initialDelay = 5
2024-06-21T22:25:11.369+05:30  INFO 89459 --- [    Test worker] o.a.z.s.u.RequestPathMetricsCollector    : zookeeper.pathStats.delay = 5
2024-06-21T22:25:11.369+05:30  INFO 89459 --- [    Test worker] o.a.z.s.u.RequestPathMetricsCollector    : zookeeper.pathStats.enabled = false
2024-06-21T22:25:11.372+05:30  INFO 89459 --- [    Test worker] o.a.zookeeper.server.ZooKeeperServer     : The max bytes for all large requests are set to 104857600
2024-06-21T22:25:11.373+05:30  INFO 89459 --- [    Test worker] o.a.zookeeper.server.ZooKeeperServer     : The large request threshold is set to -1
2024-06-21T22:25:11.373+05:30  INFO 89459 --- [    Test worker] o.a.zookeeper.server.ZooKeeperServer     : Created server with tickTime 800 minSessionTimeout 1600 maxSessionTimeout 16000 clientPortListenBacklog -1 datadir /var/folders/22/k85s8fsx4fd3yz59ymwrqgz80000gn/T/kafka-16408104097395383325/version-2 snapdir /var/folders/22/k85s8fsx4fd3yz59ymwrqgz80000gn/T/kafka-17215847395315324198/version-2
2024-06-21T22:25:11.388+05:30  WARN 89459 --- [    Test worker] o.a.zookeeper.server.ServerCnxnFactory   : maxCnxns is not configured, using default value 0.
2024-06-21T22:25:11.390+05:30  INFO 89459 --- [    Test worker] o.a.z.server.NIOServerCnxnFactory        : Configuring NIO connection handler with 10s sessionless connection timeout, 2 selector thread(s), 16 worker threads, and 64 kB direct buffers.
2024-06-21T22:25:11.393+05:30  INFO 89459 --- [    Test worker] o.a.z.server.NIOServerCnxnFactory        : binding to port /127.0.0.1:0
2024-06-21T22:25:11.404+05:30  INFO 89459 --- [    Test worker] o.a.z.server.persistence.SnapStream      : zookeeper.snapshot.compression.method = CHECKED
2024-06-21T22:25:11.404+05:30  INFO 89459 --- [    Test worker] o.a.z.server.persistence.FileTxnSnapLog  : Snapshotting: 0x0 to /var/folders/22/k85s8fsx4fd3yz59ymwrqgz80000gn/T/kafka-17215847395315324198/version-2/snapshot.0
2024-06-21T22:25:11.408+05:30  INFO 89459 --- [    Test worker] org.apache.zookeeper.server.ZKDatabase   : Snapshot loaded in 12 ms, highest zxid is 0x0, digest is 1371985504
2024-06-21T22:25:11.408+05:30  INFO 89459 --- [    Test worker] o.a.z.server.persistence.FileTxnSnapLog  : Snapshotting: 0x0 to /var/folders/22/k85s8fsx4fd3yz59ymwrqgz80000gn/T/kafka-17215847395315324198/version-2/snapshot.0
2024-06-21T22:25:11.408+05:30  INFO 89459 --- [    Test worker] o.a.zookeeper.server.ZooKeeperServer     : Snapshot taken in 1 ms
2024-06-21T22:25:11.413+05:30  INFO 89459 --- [0 cport:52213):] o.a.z.server.PrepRequestProcessor        : PrepRequestProcessor (sid:0) started, reconfigEnabled=false
2024-06-21T22:25:11.413+05:30  INFO 89459 --- [    Test worker] o.a.zookeeper.server.RequestThrottler    : zookeeper.request_throttler.shutdownTimeout = 10000
2024-06-21T22:25:11.524+05:30  INFO 89459 --- [    Test worker] kafka.server.KafkaConfig                 : KafkaConfig values: 
	advertised.listeners = null
	alter.config.policy.class.name = null
	alter.log.dirs.replication.quota.window.num = 11
	alter.log.dirs.replication.quota.window.size.seconds = 1
	authorizer.class.name = 
	auto.create.topics.enable = true
	auto.include.jmx.reporter = true
	auto.leader.rebalance.enable = true
	background.threads = 10
	broker.heartbeat.interval.ms = 2000
	broker.id = 0
	broker.id.generation.enable = true
	broker.rack = null
	broker.session.timeout.ms = 9000
	client.quota.callback.class = null
	compression.type = producer
	connection.failed.authentication.delay.ms = 100
	connections.max.idle.ms = 600000
	connections.max.reauth.ms = 0
	control.plane.listener.name = null
	controlled.shutdown.enable = false
	controlled.shutdown.max.retries = 3
	controlled.shutdown.retry.backoff.ms = 100
	controller.listener.names = null
	controller.quorum.append.linger.ms = 25
	controller.quorum.election.backoff.max.ms = 1000
	controller.quorum.election.timeout.ms = 1000
	controller.quorum.fetch.timeout.ms = 2000
	controller.quorum.request.timeout.ms = 2000
	controller.quorum.retry.backoff.ms = 20
	controller.quorum.voters = []
	controller.quota.window.num = 11
	controller.quota.window.size.seconds = 1
	controller.socket.timeout.ms = 1000
	create.topic.policy.class.name = null
	default.replication.factor = 1
	delegation.token.expiry.check.interval.ms = 3600000
	delegation.token.expiry.time.ms = 86400000
	delegation.token.master.key = null
	delegation.token.max.lifetime.ms = 604800000
	delegation.token.secret.key = null
	delete.records.purgatory.purge.interval.requests = 1
	delete.topic.enable = true
	early.start.listeners = null
	fetch.max.bytes = 57671680
	fetch.purgatory.purge.interval.requests = 1000
	group.initial.rebalance.delay.ms = 0
	group.max.session.timeout.ms = 1800000
	group.max.size = 2147483647
	group.min.session.timeout.ms = 6000
	initial.broker.registration.timeout.ms = 60000
	inter.broker.listener.name = null
	inter.broker.protocol.version = 3.4-IV0
	kafka.metrics.polling.interval.secs = 10
	kafka.metrics.reporters = []
	leader.imbalance.check.interval.seconds = 300
	leader.imbalance.per.broker.percentage = 10
	listener.security.protocol.map = PLAINTEXT:PLAINTEXT,SSL:SSL,SASL_PLAINTEXT:SASL_PLAINTEXT,SASL_SSL:SASL_SSL
	listeners = PLAINTEXT://localhost:9092
	log.cleaner.backoff.ms = 15000
	log.cleaner.dedupe.buffer.size = 2097152
	log.cleaner.delete.retention.ms = 86400000
	log.cleaner.enable = true
	log.cleaner.io.buffer.load.factor = 0.9
	log.cleaner.io.buffer.size = 524288
	log.cleaner.io.max.bytes.per.second = 1.7976931348623157E308
	log.cleaner.max.compaction.lag.ms = 9223372036854775807
	log.cleaner.min.cleanable.ratio = 0.5
	log.cleaner.min.compaction.lag.ms = 0
	log.cleaner.threads = 1
	log.cleanup.policy = [delete]
	log.dir = /var/folders/22/k85s8fsx4fd3yz59ymwrqgz80000gn/T/spring.kafka.33e47697-d846-49e2-98cc-e389118422ef2040092462775706215
	log.dirs = null
	log.flush.interval.messages = 9223372036854775807
	log.flush.interval.ms = null
	log.flush.offset.checkpoint.interval.ms = 60000
	log.flush.scheduler.interval.ms = 9223372036854775807
	log.flush.start.offset.checkpoint.interval.ms = 60000
	log.index.interval.bytes = 4096
	log.index.size.max.bytes = 10485760
	log.message.downconversion.enable = true
	log.message.format.version = 3.0-IV1
	log.message.timestamp.difference.max.ms = 9223372036854775807
	log.message.timestamp.type = CreateTime
	log.preallocate = false
	log.retention.bytes = -1
	log.retention.check.interval.ms = 300000
	log.retention.hours = 168
	log.retention.minutes = null
	log.retention.ms = null
	log.roll.hours = 168
	log.roll.jitter.hours = 0
	log.roll.jitter.ms = null
	log.roll.ms = null
	log.segment.bytes = 1073741824
	log.segment.delete.delay.ms = 1000
	max.connection.creation.rate = 2147483647
	max.connections = 2147483647
	max.connections.per.ip = 2147483647
	max.connections.per.ip.overrides = 
	max.incremental.fetch.session.cache.slots = 1000
	message.max.bytes = 1048588
	metadata.log.dir = null
	metadata.log.max.record.bytes.between.snapshots = 20971520
	metadata.log.max.snapshot.interval.ms = 3600000
	metadata.log.segment.bytes = 1073741824
	metadata.log.segment.min.bytes = 8388608
	metadata.log.segment.ms = 604800000
	metadata.max.idle.interval.ms = 500
	metadata.max.retention.bytes = 104857600
	metadata.max.retention.ms = 604800000
	metric.reporters = []
	metrics.num.samples = 2
	metrics.recording.level = INFO
	metrics.sample.window.ms = 30000
	min.insync.replicas = 1
	node.id = 0
	num.io.threads = 8
	num.network.threads = 3
	num.partitions = 1
	num.recovery.threads.per.data.dir = 1
	num.replica.alter.log.dirs.threads = null
	num.replica.fetchers = 1
	offset.metadata.max.bytes = 4096
	offsets.commit.required.acks = -1
	offsets.commit.timeout.ms = 5000
	offsets.load.buffer.size = 5242880
	offsets.retention.check.interval.ms = 600000
	offsets.retention.minutes = 10080
	offsets.topic.compression.codec = 0
	offsets.topic.num.partitions = 5
	offsets.topic.replication.factor = 1
	offsets.topic.segment.bytes = 104857600
	password.encoder.cipher.algorithm = AES/CBC/PKCS5Padding
	password.encoder.iterations = 4096
	password.encoder.key.length = 128
	password.encoder.keyfactory.algorithm = null
	password.encoder.old.secret = null
	password.encoder.secret = null
	principal.builder.class = class org.apache.kafka.common.security.authenticator.DefaultKafkaPrincipalBuilder
	process.roles = []
	producer.id.expiration.check.interval.ms = 600000
	producer.id.expiration.ms = 86400000
	producer.purgatory.purge.interval.requests = 1000
	queued.max.request.bytes = -1
	queued.max.requests = 500
	quota.window.num = 11
	quota.window.size.seconds = 1
	remote.log.index.file.cache.total.size.bytes = 1073741824
	remote.log.manager.task.interval.ms = 30000
	remote.log.manager.task.retry.backoff.max.ms = 30000
	remote.log.manager.task.retry.backoff.ms = 500
	remote.log.manager.task.retry.jitter = 0.2
	remote.log.manager.thread.pool.size = 10
	remote.log.metadata.manager.class.name = null
	remote.log.metadata.manager.class.path = null
	remote.log.metadata.manager.impl.prefix = null
	remote.log.metadata.manager.listener.name = null
	remote.log.reader.max.pending.tasks = 100
	remote.log.reader.threads = 10
	remote.log.storage.manager.class.name = null
	remote.log.storage.manager.class.path = null
	remote.log.storage.manager.impl.prefix = null
	remote.log.storage.system.enable = false
	replica.fetch.backoff.ms = 1000
	replica.fetch.max.bytes = 1048576
	replica.fetch.min.bytes = 1
	replica.fetch.response.max.bytes = 10485760
	replica.fetch.wait.max.ms = 500
	replica.high.watermark.checkpoint.interval.ms = 9223372036854775807
	replica.lag.time.max.ms = 30000
	replica.selector.class = null
	replica.socket.receive.buffer.bytes = 65536
	replica.socket.timeout.ms = 1000
	replication.quota.window.num = 11
	replication.quota.window.size.seconds = 1
	request.timeout.ms = 30000
	reserved.broker.max.id = 1000
	sasl.client.callback.handler.class = null
	sasl.enabled.mechanisms = [GSSAPI]
	sasl.jaas.config = null
	sasl.kerberos.kinit.cmd = /usr/bin/kinit
	sasl.kerberos.min.time.before.relogin = 60000
	sasl.kerberos.principal.to.local.rules = [DEFAULT]
	sasl.kerberos.service.name = null
	sasl.kerberos.ticket.renew.jitter = 0.05
	sasl.kerberos.ticket.renew.window.factor = 0.8
	sasl.login.callback.handler.class = null
	sasl.login.class = null
	sasl.login.connect.timeout.ms = null
	sasl.login.read.timeout.ms = null
	sasl.login.refresh.buffer.seconds = 300
	sasl.login.refresh.min.period.seconds = 60
	sasl.login.refresh.window.factor = 0.8
	sasl.login.refresh.window.jitter = 0.05
	sasl.login.retry.backoff.max.ms = 10000
	sasl.login.retry.backoff.ms = 100
	sasl.mechanism.controller.protocol = GSSAPI
	sasl.mechanism.inter.broker.protocol = GSSAPI
	sasl.oauthbearer.clock.skew.seconds = 30
	sasl.oauthbearer.expected.audience = null
	sasl.oauthbearer.expected.issuer = null
	sasl.oauthbearer.jwks.endpoint.refresh.ms = 3600000
	sasl.oauthbearer.jwks.endpoint.retry.backoff.max.ms = 10000
	sasl.oauthbearer.jwks.endpoint.retry.backoff.ms = 100
	sasl.oauthbearer.jwks.endpoint.url = null
	sasl.oauthbearer.scope.claim.name = scope
	sasl.oauthbearer.sub.claim.name = sub
	sasl.oauthbearer.token.endpoint.url = null
	sasl.server.callback.handler.class = null
	sasl.server.max.receive.size = 524288
	security.inter.broker.protocol = PLAINTEXT
	security.providers = null
	socket.connection.setup.timeout.max.ms = 30000
	socket.connection.setup.timeout.ms = 10000
	socket.listen.backlog.size = 50
	socket.receive.buffer.bytes = 102400
	socket.request.max.bytes = 104857600
	socket.send.buffer.bytes = 102400
	ssl.cipher.suites = []
	ssl.client.auth = none
	ssl.enabled.protocols = [TLSv1.2, TLSv1.3]
	ssl.endpoint.identification.algorithm = https
	ssl.engine.factory.class = null
	ssl.key.password = null
	ssl.keymanager.algorithm = SunX509
	ssl.keystore.certificate.chain = null
	ssl.keystore.key = null
	ssl.keystore.location = null
	ssl.keystore.password = null
	ssl.keystore.type = JKS
	ssl.principal.mapping.rules = DEFAULT
	ssl.protocol = TLSv1.3
	ssl.provider = null
	ssl.secure.random.implementation = null
	ssl.trustmanager.algorithm = PKIX
	ssl.truststore.certificates = null
	ssl.truststore.location = null
	ssl.truststore.password = null
	ssl.truststore.type = JKS
	transaction.abort.timed.out.transaction.cleanup.interval.ms = 10000
	transaction.max.timeout.ms = 900000
	transaction.remove.expired.transaction.cleanup.interval.ms = 3600000
	transaction.state.log.load.buffer.size = 5242880
	transaction.state.log.min.isr = 2
	transaction.state.log.num.partitions = 50
	transaction.state.log.replication.factor = 3
	transaction.state.log.segment.bytes = 104857600
	transactional.id.expiration.ms = 604800000
	unclean.leader.election.enable = false
	zookeeper.clientCnxnSocket = null
	zookeeper.connect = 127.0.0.1:52213
	zookeeper.connection.timeout.ms = 10000
	zookeeper.max.in.flight.requests = 10
	zookeeper.metadata.migration.enable = false
	zookeeper.session.timeout.ms = 18000
	zookeeper.set.acl = false
	zookeeper.ssl.cipher.suites = null
	zookeeper.ssl.client.enable = false
	zookeeper.ssl.crl.enable = false
	zookeeper.ssl.enabled.protocols = null
	zookeeper.ssl.endpoint.identification.algorithm = HTTPS
	zookeeper.ssl.keystore.location = null
	zookeeper.ssl.keystore.password = null
	zookeeper.ssl.keystore.type = null
	zookeeper.ssl.ocsp.enable = false
	zookeeper.ssl.protocol = TLSv1.2
	zookeeper.ssl.truststore.location = null
	zookeeper.ssl.truststore.password = null
	zookeeper.ssl.truststore.type = null

2024-06-21T22:25:11.543+05:30  INFO 89459 --- [    Test worker] org.apache.zookeeper.common.X509Util     : Setting -D jdk.tls.rejectClientInitiatedRenegotiation=true to disable client-initiated TLS renegotiation
2024-06-21T22:25:11.604+05:30  INFO 89459 --- [    Test worker] kafka.server.KafkaServer                 : starting
2024-06-21T22:25:11.604+05:30  INFO 89459 --- [    Test worker] kafka.server.KafkaServer                 : Connecting to zookeeper on 127.0.0.1:52213
2024-06-21T22:25:11.614+05:30  INFO 89459 --- [    Test worker] kafka.zookeeper.ZooKeeperClient          : [ZooKeeperClient Kafka server] Initializing a new session to 127.0.0.1:52213.
2024-06-21T22:25:11.617+05:30  INFO 89459 --- [    Test worker] org.apache.zookeeper.ZooKeeper           : Client environment:zookeeper.version=3.6.4--d65253dcf68e9097c6e95a126463fd5fdeb4521c, built on 12/18/2022 18:10 GMT
2024-06-21T22:25:11.617+05:30  INFO 89459 --- [    Test worker] org.apache.zookeeper.ZooKeeper           : Client environment:host.name=192.168.1.7
2024-06-21T22:25:11.617+05:30  INFO 89459 --- [    Test worker] org.apache.zookeeper.ZooKeeper           : Client environment:java.version=20.0.2
2024-06-21T22:25:11.617+05:30  INFO 89459 --- [    Test worker] org.apache.zookeeper.ZooKeeper           : Client environment:java.vendor=Oracle Corporation
2024-06-21T22:25:11.617+05:30  INFO 89459 --- [    Test worker] org.apache.zookeeper.ZooKeeper           : Client environment:java.home=/Library/Java/JavaVirtualMachines/jdk-20.jdk/Contents/Home
2024-06-21T22:25:11.617+05:30  INFO 89459 --- [    Test worker] org.apache.zookeeper.ZooKeeper           : Client environment:java.class.path=/Users/ekankaar/.gradle/caches/8.5/workerMain/gradle-worker.jar:/Users/ekankaar/IdeaProjects/kafka1/build/classes/java/test:/Users/ekankaar/IdeaProjects/kafka1/build/classes/java/main:/Users/ekankaar/IdeaProjects/kafka1/build/resources/main:/Users/ekankaar/.gradle/caches/modules-2/files-2.1/org.springframework.boot/spring-boot-starter-web/3.1.1/f2c2d9e35430e4b4a98ad91780bb9b2d1deec08/spring-boot-starter-web-3.1.1.jar:/Users/ekankaar/.gradle/caches/modules-2/files-2.1/org.springframework.kafka/spring-kafka/3.0.8/5414e0e12541429e19cb8f120bb7479d0b79f4e9/spring-kafka-3.0.8.jar:/Users/ekankaar/.gradle/caches/modules-2/files-2.1/org.springframework.boot/spring-boot-starter-data-cassandra/3.1.1/9bfa8959ff35b183e235a99d8e20ce1058898b0e/spring-boot-starter-data-cassandra-3.1.1.jar:/Users/ekankaar/.gradle/caches/modules-2/files-2.1/org.springframework.data/spring-data-cassandra/4.1.1/2f39f0baf6743039dd5479b10481758c4722ed82/spring-data-cassandra-4.1.1.jar:/Users/ekankaar/.gradle/caches/modules-2/files-2.1/com.datastax.oss/java-driver-query-builder/4.15.0/308cebab44e688c05ab61390005500d8db231ecd/java-driver-query-builder-4.15.0.jar:/Users/ekankaar/.gradle/caches/modules-2/files-2.1/com.datastax.oss/java-driver-core/4.15.0/aedf50875f5be8589770957735d37d2580ca5ac5/java-driver-core-4.15.0.jar:/Users/ekankaar/.gradle/caches/modules-2/files-2.1/javax.annotation/javax.annotation-api/1.3.2/934c04d3cfef185a8008e7bf34331b79730a9d43/javax.annotation-api-1.3.2.jar:/Users/ekankaar/.gradle/caches/modules-2/files-2.1/org.springframework.boot/spring-boot-starter-test/3.1.1/6e69181686ec1c9af137f038ddf6cd1830a2af19/spring-boot-starter-test-3.1.1.jar:/Users/ekankaar/.gradle/caches/modules-2/files-2.1/org.springframework.kafka/spring-kafka-test/3.0.8/2336184ab2cebf24b90fdb82d0d0f0bf74236c4c/spring-kafka-test-3.0.8.jar:/Users/ekankaar/.gradle/caches/modules-2/files-2.1/org.mockito/mockito-junit-jupiter/5.3.1/d6ac0f6d54addf02def4ba1213f73a15ae6c2308/mockito-junit-jupiter-5.3.1.jar:/Users/ekankaar/.gradle/caches/modules-2/files-2.1/org.mockito/mockito-core/3.11.2/bb97012477172d7c04ff2193e31fcb38dd171879/mockito-core-3.11.2.jar:/Users/ekankaar/.gradle/caches/modules-2/files-2.1/org.springframework.boot/spring-boot-starter-json/3.1.1/8dc99860536a6a858de6caaeb67f84d7af8a30a3/spring-boot-starter-json-3.1.1.jar:/Users/ekankaar/.gradle/caches/modules-2/files-2.1/org.springframework.boot/spring-boot-starter/3.1.1/cf74eeaef5a265c75dd89fea829391bf08efdb6c/spring-boot-starter-3.1.1.jar:/Users/ekankaar/.gradle/caches/modules-2/files-2.1/org.springframework.boot/spring-boot-starter-tomcat/3.1.1/927f80fb9d8816209420223d1a1a09e730ea78e6/spring-boot-starter-tomcat-3.1.1.jar:/Users/ekankaar/.gradle/caches/modules-2/files-2.1/org.springframework/spring-webmvc/6.0.10/af3f040747f4bfbcdb96140f8c9d252d3a6a4ef1/spring-webmvc-6.0.10.jar:/Users/ekankaar/.gradle/caches/modules-2/files-2.1/org.springframework/spring-web/6.0.10/e61defa7908bf7a499f000dab8ef7691c2aa75c1/spring-web-6.0.10.jar:/Users/ekankaar/.gradle/caches/modules-2/files-2.1/org.springframework.boot/spring-boot-test-autoconfigure/3.1.1/4d6b05666438577e2fa7a1cbad6f58956bee34d7/spring-boot-test-autoconfigure-3.1.1.jar:/Users/ekankaar/.gradle/caches/modules-2/files-2.1/org.springframework.boot/spring-boot-test/3.1.1/8481164eedc07955e903cb4442dc23a868eecb8d/spring-boot-test-3.1.1.jar:/Users/ekankaar/.gradle/caches/modules-2/files-2.1/org.springframework.boot/spring-boot-autoconfigure/3.1.1/618ec717eef4ba2ff347c7713150aac8e73fe233/spring-boot-autoconfigure-3.1.1.jar:/Users/ekankaar/.gradle/caches/modules-2/files-2.1/org.springframework.boot/spring-boot/3.1.1/f8f80c1453c8fe0e08a6235f983d8daf571d3e3/spring-boot-3.1.1.jar:/Users/ekankaar/.gradle/caches/modules-2/files-2.1/org.springframework/spring-context/6.0.10/e2bd59f05c95647a274b7719d419cf8fde6f25a0/spring-context-6.0.10.jar:/Users/ekankaar/.gradle/caches/modules-2/files-2.1/org.springframework/spring-messaging/6.0.10/4854409bad759c2e65456b421604acf97e0237fc/spring-messaging-6.0.10.jar:/Users/ekankaar/.gradle/caches/modules-2/files-2.1/org.springframework/spring-tx/6.0.10/459698d22aadc881afe425934cca79cc1f6bce91/spring-tx-6.0.10.jar:/Users/ekankaar/.gradle/caches/modules-2/files-2.1/org.springframework.retry/spring-retry/2.0.2/bd0d8859447e4311c0e0e4bfb5d571d57d9011cf/spring-retry-2.0.2.jar:/Users/ekankaar/.gradle/caches/modules-2/files-2.1/org.apache.kafka/kafka_2.13/3.4.1/abdaaefcae89fd0dd202be18093e04ddfc53d5b2/kafka_2.13-3.4.1.jar:/Users/ekankaar/.gradle/caches/modules-2/files-2.1/org.apache.kafka/kafka_2.13/3.4.1/4a1223ed7bd937076bdeab65c61bb635f6905dc6/kafka_2.13-3.4.1-test.jar:/Users/ekankaar/.gradle/caches/modules-2/files-2.1/org.apache.kafka/kafka-metadata/3.4.1/e91063c1fc7e555fbe199d1b6cce340e04f90136/kafka-metadata-3.4.1.jar:/Users/ekankaar/.gradle/caches/modules-2/files-2.1/org.apache.kafka/kafka-streams-test-utils/3.4.1/d734d418ea7f354aeb794e4213f2a9ac01c421e6/kafka-streams-test-utils-3.4.1.jar:/Users/ekankaar/.gradle/caches/modules-2/files-2.1/org.apache.kafka/kafka-raft/3.4.1/3c8a3290386a7a3be488db0d0507706770c7c4f6/kafka-raft-3.4.1.jar:/Users/ekankaar/.gradle/caches/modules-2/files-2.1/org.apache.kafka/kafka-group-coordinator/3.4.1/efff581581a27ccab79032551a4a14f05c70d937/kafka-group-coordinator-3.4.1.jar:/Users/ekankaar/.gradle/caches/modules-2/files-2.1/org.apache.kafka/kafka-storage/3.4.1/a057dc62339f6b2bc0ebc5bd728d0055c6e2c160/kafka-storage-3.4.1.jar:/Users/ekankaar/.gradle/caches/modules-2/files-2.1/org.apache.kafka/kafka-server-common/3.4.1/a6053b5de69e61af7c397e71a30f444be41031f0/kafka-server-common-3.4.1.jar:/Users/ekankaar/.gradle/caches/modules-2/files-2.1/org.apache.kafka/kafka-streams/3.4.1/34a015ffb1d600f348ae1c3fd3a64dcbc9314c30/kafka-streams-3.4.1.jar:/Users/ekankaar/.gradle/caches/modules-2/files-2.1/org.apache.kafka/kafka-storage-api/3.4.1/e79aac2d3d1a5765bcb1e842e35b2eef8e688020/kafka-storage-api-3.4.1.jar:/Users/ekankaar/.gradle/caches/modules-2/files-2.1/org.apache.kafka/kafka-clients/3.4.1/a2f55251deb3d31a21903a0cfbd4d1fa6b7463ca/kafka-clients-3.4.1.jar:/Users/ekankaar/.gradle/caches/modules-2/files-2.1/org.apache.kafka/kafka-clients/3.4.1/eccad2d7f67d58a9d28b34e6fe63cd78767bb6af/kafka-clients-3.4.1-test.jar:/Users/ekankaar/.gradle/caches/modules-2/files-2.1/io.micrometer/micrometer-observation/1.11.1/9027a35892c7e08ea8affce87b3662b6ceca122c/micrometer-observation-1.11.1.jar:/Users/ekankaar/.gradle/caches/modules-2/files-2.1/com.github.spotbugs/spotbugs-annotations/3.1.12/ba2c77a05091820668987292f245f3b089387bfa/spotbugs-annotations-3.1.12.jar:/Users/ekankaar/.gradle/caches/modules-2/files-2.1/com.google.code.findbugs/jsr305/3.0.2/25ea2e8b0c338a877313bd4672d3fe056ea78f0d/jsr305-3.0.2.jar:/Users/ekankaar/.gradle/caches/modules-2/files-2.1/com.datastax.oss/native-protocol/1.5.1/97e812373a5fe7667384e7ad67819d2c71878bf8/native-protocol-1.5.1.jar:/Users/ekankaar/.gradle/caches/modules-2/files-2.1/org.apache.zookeeper/zookeeper/3.6.4/7c035d7130a0dcb55e9566ba304ebda4763b002d/zookeeper-3.6.4.jar:/Users/ekankaar/.gradle/caches/modules-2/files-2.1/io.netty/netty-handler/4.1.94.Final/cd9121ce24d6d3f2898946d04b0ef3ec548b00b4/netty-handler-4.1.94.Final.jar:/Users/ekankaar/.gradle/caches/modules-2/files-2.1/com.datastax.oss/java-driver-shaded-guava/25.1-jre-graal-sub-1/522771d14d6b7dba67056a39db33f205ffbed6a4/java-driver-shaded-guava-25.1-jre-graal-sub-1.jar:/Users/ekankaar/.gradle/caches/modules-2/files-2.1/com.typesafe/config/1.4.1/19058a07624a87f90d129af7cd9c68bee94535a9/config-1.4.1.jar:/Users/ekankaar/.gradle/caches/modules-2/files-2.1/com.github.jnr/jnr-posix/3.1.15/f7d6737adcbd5925d625b8f99166de2cbf13caac/jnr-posix-3.1.15.jar:/Users/ekankaar/.gradle/caches/modules-2/files-2.1/io.dropwizard.metrics/metrics-core/4.2.19/d32b4c3f3e733bf4cb239ca4204fbed8464973a5/metrics-core-4.2.19.jar:/Users/ekankaar/.gradle/caches/modules-2/files-2.1/com.jayway.jsonpath/json-path/2.8.0/b4ab3b7a9e425655a0ca65487bbbd6d7ddb75160/json-path-2.8.0.jar:/Users/ekankaar/.gradle/caches/modules-2/files-2.1/org.springframework.data/spring-data-commons/3.1.1/cfc10ccc41910b7b6e83cf27debaac73229572e0/spring-data-commons-3.1.1.jar:/Users/ekankaar/.gradle/caches/modules-2/files-2.1/com.yammer.metrics/metrics-core/2.2.0/f82c035cfa786d3cbec362c38c22a5f5b1bc8724/metrics-core-2.2.0.jar:/Users/ekankaar/.gradle/caches/modules-2/files-2.1/org.bitbucket.b_c/jose4j/0.9.3/9670e11587194cb6b1b2edcaa688a3fab85b4148/jose4j-0.9.3.jar:/Users/ekankaar/.gradle/caches/modules-2/files-2.1/com.typesafe.scala-logging/scala-logging_2.13/3.9.4/e5838ddcf8c1c2b612a7956b9f80423a508675db/scala-logging_2.13-3.9.4.jar:/Users/ekankaar/.gradle/caches/modules-2/files-2.1/org.springframework.boot/spring-boot-starter-logging/3.1.1/53bb456e4bf8f751de5a6ce154707b052946fd43/spring-boot-starter-logging-3.1.1.jar:/Users/ekankaar/.gradle/caches/modules-2/files-2.1/ch.qos.logback/logback-classic/1.4.8/f00ba91d993e4d14301b11968d3cacc3be7ef3e1/logback-classic-1.4.8.jar:/Users/ekankaar/.gradle/caches/modules-2/files-2.1/org.apache.logging.log4j/log4j-to-slf4j/2.20.0/d37f81f8978e2672bc32c82712ab4b3f66624adc/log4j-to-slf4j-2.20.0.jar:/Users/ekankaar/.gradle/caches/modules-2/files-2.1/org.slf4j/jul-to-slf4j/2.0.7/a48f44aeaa8a5ddc347007298a28173ac1fbbd8b/jul-to-slf4j-2.0.7.jar:/Users/ekankaar/.gradle/caches/modules-2/files-2.1/org.slf4j/slf4j-api/2.0.7/41eb7184ea9d556f23e18b5cb99cad1f8581fc00/slf4j-api-2.0.7.jar:/Users/ekankaar/.gradle/caches/modules-2/files-2.1/org.hdrhistogram/HdrHistogram/2.1.12/6eb7552156e0d517ae80cc2247be1427c8d90452/HdrHistogram-2.1.12.jar:/Users/ekankaar/.gradle/caches/modules-2/files-2.1/com.fasterxml.jackson.datatype/jackson-datatype-jsr310/2.15.2/30d16ec2aef6d8094c5e2dce1d95034ca8b6cb42/jackson-datatype-jsr310-2.15.2.jar:/Users/ekankaar/.gradle/caches/modules-2/files-2.1/com.fasterxml.jackson.module/jackson-module-parameter-names/2.15.2/75f8d2788db20f6c587c7a19e94fb6248c314241/jackson-module-parameter-names-2.15.2.jar:/Users/ekankaar/.gradle/caches/modules-2/files-2.1/com.fasterxml.jackson.module/jackson-module-scala_2.13/2.15.2/405653902e735adbd95c323f68e6a787f0c55c45/jackson-module-scala_2.13-2.15.2.jar:/Users/ekankaar/.gradle/caches/modules-2/files-2.1/com.fasterxml.jackson.dataformat/jackson-dataformat-csv/2.15.2/2de7d1c43f3e99526a5debdf26fc6b1192e811f0/jackson-dataformat-csv-2.15.2.jar:/Users/ekankaar/.gradle/caches/modules-2/files-2.1/com.fasterxml.jackson.core/jackson-annotations/2.15.2/4724a65ac8e8d156a24898d50fd5dbd3642870b8/jackson-annotations-2.15.2.jar:/Users/ekankaar/.gradle/caches/modules-2/files-2.1/com.fasterxml.jackson.datatype/jackson-datatype-jdk8/2.15.2/66a50e089cfd2f93896b9b6f7a734cea7bcf2f31/jackson-datatype-jdk8-2.15.2.jar:/Users/ekankaar/.gradle/caches/modules-2/files-2.1/com.fasterxml.jackson.core/jackson-databind/2.15.2/9353b021f10c307c00328f52090de2bdb4b6ff9c/jackson-databind-2.15.2.jar:/Users/ekankaar/.gradle/caches/modules-2/files-2.1/com.fasterxml.jackson.core/jackson-core/2.15.2/a6fe1836469a69b3ff66037c324d75fc66ef137c/jackson-core-2.15.2.jar:/Users/ekankaar/.gradle/caches/modules-2/files-2.1/org.reactivestreams/reactive-streams/1.0.4/3864a1320d97d7b045f729a326e1e077661f31b7/reactive-streams-1.0.4.jar:/Users/ekankaar/.gradle/caches/modules-2/files-2.1/com.github.stephenc.jcip/jcip-annotations/1.0-1/ef31541dd28ae2cefdd17c7ebf352d93e9058c63/jcip-annotations-1.0-1.jar:/Users/ekankaar/.gradle/caches/modules-2/files-2.1/jakarta.xml.bind/jakarta.xml.bind-api/4.0.0/bbb399208d288b15ec101fa4fcfc4bd77cedc97a/jakarta.xml.bind-api-4.0.0.jar:/Users/ekankaar/.gradle/caches/modules-2/files-2.1/net.minidev/json-smart/2.4.11/cc5888f14a5768f254b97bafe8b9fd29b31e872e/json-smart-2.4.11.jar:/Users/ekankaar/.gradle/caches/modules-2/files-2.1/org.assertj/assertj-core/3.24.2/ebbf338e33f893139459ce5df023115971c2786f/assertj-core-3.24.2.jar:/Users/ekankaar/.gradle/caches/modules-2/files-2.1/org.hamcrest/hamcrest/2.2/1820c0968dba3a11a1b30669bb1f01978a91dedc/hamcrest-2.2.jar:/Users/ekankaar/.gradle/caches/modules-2/files-2.1/org.junit.jupiter/junit-jupiter-params/5.9.3/9e2a4bf6016a1975f408a73523392875cff7c26f/junit-jupiter-params-5.9.3.jar:/Users/ekankaar/.gradle/caches/modules-2/files-2.1/org.junit.jupiter/junit-jupiter-engine/5.9.3/355322b03bf39306a183162cd06626c206f0286b/junit-jupiter-engine-5.9.3.jar:/Users/ekankaar/.gradle/caches/modules-2/files-2.1/org.junit.jupiter/junit-jupiter-api/5.9.3/815818ad6ffcc8d320d8fbdf3d748c753cf83201/junit-jupiter-api-5.9.3.jar:/Users/ekankaar/.gradle/caches/modules-2/files-2.1/org.junit.platform/junit-platform-launcher/1.9.3/485650bfe2a2f39b606a6ca013285afda2eaee79/junit-platform-launcher-1.9.3.jar:/Users/ekankaar/.gradle/caches/modules-2/files-2.1/org.junit.platform/junit-platform-engine/1.9.3/8616734a190f8d307376aeb7353dba0a2c037a09/junit-platform-engine-1.9.3.jar:/Users/ekankaar/.gradle/caches/modules-2/files-2.1/org.junit.platform/junit-platform-commons/1.9.3/36b2e26a90c41603be7f0094bee80e3f8a2cd4d4/junit-platform-commons-1.9.3.jar:/Users/ekankaar/.gradle/caches/modules-2/files-2.1/org.junit.jupiter/junit-jupiter/5.9.3/72e840501e1550e9799c9a5cc9483d7d6b29e0ba/junit-jupiter-5.9.3.jar:/Users/ekankaar/.gradle/caches/modules-2/files-2.1/org.skyscreamer/jsonassert/1.5.1/6d842d0faf4cf6725c509a5e5347d319ee0431c3/jsonassert-1.5.1.jar:/Users/ekankaar/.gradle/caches/modules-2/files-2.1/org.springframework/spring-test/6.0.10/8773ebcd0e6822e2e5a816752cbe2419d7b1b4b4/spring-test-6.0.10.jar:/Users/ekankaar/.gradle/caches/modules-2/files-2.1/org.springframework/spring-aop/6.0.10/cc309a306fa759018b107dea9a208c758af0297/spring-aop-6.0.10.jar:/Users/ekankaar/.gradle/caches/modules-2/files-2.1/org.springframework/spring-beans/6.0.10/8fc0684773cc1598edd810660f57d9e9c8ae6055/spring-beans-6.0.10.jar:/Users/ekankaar/.gradle/caches/modules-2/files-2.1/org.springframework/spring-expression/6.0.10/bd8c93e473e713fe9150a772487507a8e600d5f1/spring-expression-6.0.10.jar:/Users/ekankaar/.gradle/caches/modules-2/files-2.1/org.springframework/spring-core/6.0.10/889aa214b6607763ddeb6bd391d682cd71681b36/spring-core-6.0.10.jar:/Users/ekankaar/.gradle/caches/modules-2/files-2.1/org.xmlunit/xmlunit-core/2.9.1/e5833662d9a1279a37da3ef6f62a1da29fcd68c4/xmlunit-core-2.9.1.jar:/Users/ekankaar/.gradle/caches/modules-2/files-2.1/net.bytebuddy/byte-buddy/1.14.5/28a424c0c4f362568e904d992c239c996cf7adc7/byte-buddy-1.14.5.jar:/Users/ekankaar/.gradle/caches/modules-2/files-2.1/net.bytebuddy/byte-buddy-agent/1.14.5/20f4e9b9d0ffb953657bfa4b92c0cceb27907d58/byte-buddy-agent-1.14.5.jar:/Users/ekankaar/.gradle/caches/modules-2/files-2.1/org.objenesis/objenesis/3.2/7fadf57620c8b8abdf7519533e5527367cb51f09/objenesis-3.2.jar:/Users/ekankaar/.gradle/caches/modules-2/files-2.1/jakarta.annotation/jakarta.annotation-api/2.1.1/48b9bda22b091b1f48b13af03fe36db3be6e1ae3/jakarta.annotation-api-2.1.1.jar:/Users/ekankaar/.gradle/caches/modules-2/files-2.1/org.yaml/snakeyaml/1.33/2cd0a87ff7df953f810c344bdf2fe3340b954c69/snakeyaml-1.33.jar:/Users/ekankaar/.gradle/caches/modules-2/files-2.1/org.apache.tomcat.embed/tomcat-embed-websocket/10.1.10/10604119402bcaa8490b638698ad177f8df4c50c/tomcat-embed-websocket-10.1.10.jar:/Users/ekankaar/.gradle/caches/modules-2/files-2.1/org.apache.tomcat.embed/tomcat-embed-core/10.1.10/7423236b34aa78d6f36592b2aa294d7c8469f219/tomcat-embed-core-10.1.10.jar:/Users/ekankaar/.gradle/caches/modules-2/files-2.1/org.apache.tomcat.embed/tomcat-embed-el/10.1.10/717033c0417fdc7e794b382c066b7e78f6029268/tomcat-embed-el-10.1.10.jar:/Users/ekankaar/.gradle/caches/modules-2/files-2.1/com.github.luben/zstd-jni/1.5.2-1/fad786abc1d1b81570e8d9a2fc8a1ef479bc27b6/zstd-jni-1.5.2-1.jar:/Users/ekankaar/.gradle/caches/modules-2/files-2.1/org.lz4/lz4-java/1.8.0/4b986a99445e49ea5fbf5d149c4b63f6ed6c6780/lz4-java-1.8.0.jar:/Users/ekankaar/.gradle/caches/modules-2/files-2.1/org.xerial.snappy/snappy-java/1.1.8.4/66f0d56454509f6e36175f2331572e250e04a6cc/snappy-java-1.1.8.4.jar:/Users/ekankaar/.gradle/caches/modules-2/files-2.1/io.micrometer/micrometer-commons/1.11.1/45bc0f2aa4d6180f1a783f1930f307a4efbb12e8/micrometer-commons-1.11.1.jar:/Users/ekankaar/.gradle/caches/modules-2/files-2.1/io.netty/netty-transport-native-epoll/4.1.94.Final/1f77c54f1877d9ed51f207eb64a5634bdcc7efa1/netty-transport-native-epoll-4.1.94.Final.jar:/Users/ekankaar/.gradle/caches/modules-2/files-2.1/io.netty/netty-transport-classes-epoll/4.1.94.Final/240e36cd5c2ffaf655913f8857f2d58b26394679/netty-transport-classes-epoll-4.1.94.Final.jar:/Users/ekankaar/.gradle/caches/modules-2/files-2.1/io.netty/netty-transport-native-unix-common/4.1.94.Final/3fa5f9d04b6b782d869d6e0657d896eeadca5866/netty-transport-native-unix-common-4.1.94.Final.jar:/Users/ekankaar/.gradle/caches/modules-2/files-2.1/io.netty/netty-codec/4.1.94.Final/c70ef20ca338558147887df60f46341bc47f6900/netty-codec-4.1.94.Final.jar:/Users/ekankaar/.gradle/caches/modules-2/files-2.1/io.netty/netty-transport/4.1.94.Final/ec783a737f96991a87b1d5794e2f9eb2024d708a/netty-transport-4.1.94.Final.jar:/Users/ekankaar/.gradle/caches/modules-2/files-2.1/io.netty/netty-resolver/4.1.94.Final/e96f649e8e9dcb29a1f8e95328b99c9eb6cf76c2/netty-resolver-4.1.94.Final.jar:/Users/ekankaar/.gradle/caches/modules-2/files-2.1/io.netty/netty-buffer/4.1.94.Final/eec248b26f16e888688e5bb37b7eeda76b78d2f7/netty-buffer-4.1.94.Final.jar:/Users/ekankaar/.gradle/caches/modules-2/files-2.1/io.netty/netty-common/4.1.94.Final/ad4ecf779ebc794cd351f57792f56ea01387b868/netty-common-4.1.94.Final.jar:/Users/ekankaar/.gradle/caches/modules-2/files-2.1/com.github.jnr/jnr-ffi/2.2.11/bcf004ce358c87fc4cd2853b658d336348d0370f/jnr-ffi-2.2.11.jar:/Users/ekankaar/.gradle/caches/modules-2/files-2.1/com.github.jnr/jnr-constants/0.10.3/af19ec7359dd72cbc7869c00bf7cdfa4c308e985/jnr-constants-0.10.3.jar:/Users/ekankaar/.gradle/caches/modules-2/files-2.1/jakarta.activation/jakarta.activation-api/2.1.2/640c0d5aff45dbff1e1a1bc09673ff3a02b1ba12/jakarta.activation-api-2.1.2.jar:/Users/ekankaar/.gradle/caches/modules-2/files-2.1/net.minidev/accessors-smart/2.4.11/245ceca7bdf3190fbb977045c852d5f3c8efece1/accessors-smart-2.4.11.jar:/Users/ekankaar/.gradle/caches/modules-2/files-2.1/com.vaadin.external.google/android-json/0.0.20131108.vaadin1/fa26d351fe62a6a17f5cda1287c1c6110dec413f/android-json-0.0.20131108.vaadin1.jar:/Users/ekankaar/.gradle/caches/modules-2/files-2.1/org.springframework/spring-jcl/6.0.10/cba44e98dab40a506c50978a0e5f11ceaa90b3ff/spring-jcl-6.0.10.jar:/Users/ekankaar/.gradle/caches/modules-2/files-2.1/org.apache.zookeeper/zookeeper-jute/3.6.4/873a0acd6a1434bec0e1b5a5ef88b07a20727fb4/zookeeper-jute-3.6.4.jar:/Users/ekankaar/.gradle/caches/modules-2/files-2.1/org.apache.yetus/audience-annotations/0.13.0/8ad1147dcd02196e3924013679c6bf4c25d8c351/audience-annotations-0.13.0.jar:/Users/ekankaar/.gradle/caches/modules-2/files-2.1/net.sourceforge.argparse4j/argparse4j/0.7.0/6f0621d0c3888de39e0f06d01f37ba53a798e657/argparse4j-0.7.0.jar:/Users/ekankaar/.gradle/caches/modules-2/files-2.1/net.sf.jopt-simple/jopt-simple/5.0.4/4fdac2fbe92dfad86aa6e9301736f6b4342a3f5c/jopt-simple-5.0.4.jar:/Users/ekankaar/.gradle/caches/modules-2/files-2.1/org.scala-lang.modules/scala-collection-compat_2.13/2.10.0/2464528d14329ff2b44bceff918d6c00300adcf4/scala-collection-compat_2.13-2.10.0.jar:/Users/ekankaar/.gradle/caches/modules-2/files-2.1/org.scala-lang.modules/scala-java8-compat_2.13/1.0.2/5b54f60ccf03e41e24c466462a72475ee918c304/scala-java8-compat_2.13-1.0.2.jar:/Users/ekankaar/.gradle/caches/modules-2/files-2.1/org.scala-lang/scala-reflect/2.13.10/f19c2a5fc93a63398a5cfc56a14f0abf1d28d27c/scala-reflect-2.13.10.jar:/Users/ekankaar/.gradle/caches/modules-2/files-2.1/commons-cli/commons-cli/1.4/c51c00206bb913cd8612b24abd9fa98ae89719b1/commons-cli-1.4.jar:/Users/ekankaar/.gradle/caches/modules-2/files-2.1/org.scala-lang/scala-library/2.13.10/67c1afabaea9ba51321159e70a78515647e1b73d/scala-library-2.13.10.jar:/Users/ekankaar/.gradle/caches/modules-2/files-2.1/org.opentest4j/opentest4j/1.2.0/28c11eb91f9b6d8e200631d46e20a7f407f2a046/opentest4j-1.2.0.jar:/Users/ekankaar/.gradle/caches/modules-2/files-2.1/com.github.jnr/jffi/1.3.9/b776ea131fa693af2c943368b52acf94131cbd7/jffi-1.3.9.jar:/Users/ekankaar/.gradle/caches/modules-2/files-2.1/com.github.jnr/jffi/1.3.9/163d683f80c06911f3e770c723d6e399e4c59448/jffi-1.3.9-native.jar:/Users/ekankaar/.gradle/caches/modules-2/files-2.1/org.ow2.asm/asm-commons/9.2/f4d7f0fc9054386f2893b602454d48e07d4fbead/asm-commons-9.2.jar:/Users/ekankaar/.gradle/caches/modules-2/files-2.1/org.ow2.asm/asm-util/9.2/fbc178fc5ba3dab50fd7e8a5317b8b647c8e8946/asm-util-9.2.jar:/Users/ekankaar/.gradle/caches/modules-2/files-2.1/org.ow2.asm/asm-analysis/9.2/7487dd756daf96cab9986e44b9d7bcb796a61c10/asm-analysis-9.2.jar:/Users/ekankaar/.gradle/caches/modules-2/files-2.1/org.ow2.asm/asm-tree/9.2/d96c99a30f5e1a19b0e609dbb19a44d8518ac01e/asm-tree-9.2.jar:/Users/ekankaar/.gradle/caches/modules-2/files-2.1/org.ow2.asm/asm/9.3/8e6300ef51c1d801a7ed62d07cd221aca3a90640/asm-9.3.jar:/Users/ekankaar/.gradle/caches/modules-2/files-2.1/com.github.jnr/jnr-a64asm/1.0.0/a1cb8dbe71b5a6a0288043c3ba3ca64545be165/jnr-a64asm-1.0.0.jar:/Users/ekankaar/.gradle/caches/modules-2/files-2.1/com.github.jnr/jnr-x86asm/1.0.2/6936bbd6c5b235665d87bd450f5e13b52d4b48/jnr-x86asm-1.0.2.jar:/Users/ekankaar/.gradle/caches/modules-2/files-2.1/org.rocksdb/rocksdbjni/7.1.2/ffe87d1c5d5b3a46d065cc4cf5311f18d8233a6b/rocksdbjni-7.1.2.jar:/Users/ekankaar/.gradle/caches/modules-2/files-2.1/com.thoughtworks.paranamer/paranamer/2.8/619eba74c19ccf1da8ebec97a2d7f8ba05773dd6/paranamer-2.8.jar:/Users/ekankaar/.gradle/caches/modules-2/files-2.1/ch.qos.logback/logback-core/1.4.8/3fba9c105e0efc5ffdcda701379687917d5286f7/logback-core-1.4.8.jar:/Users/ekankaar/.gradle/caches/modules-2/files-2.1/org.apache.logging.log4j/log4j-api/2.20.0/1fe6082e660daf07c689a89c94dc0f49c26b44bb/log4j-api-2.20.0.jar
2024-06-21T22:25:11.618+05:30  INFO 89459 --- [    Test worker] org.apache.zookeeper.ZooKeeper           : Client environment:java.library.path=/Users/ekankaar/Library/Java/Extensions:/Library/Java/Extensions:/Network/Library/Java/Extensions:/System/Library/Java/Extensions:/usr/lib/java:.
2024-06-21T22:25:11.618+05:30  INFO 89459 --- [    Test worker] org.apache.zookeeper.ZooKeeper           : Client environment:java.io.tmpdir=/var/folders/22/k85s8fsx4fd3yz59ymwrqgz80000gn/T/
2024-06-21T22:25:11.618+05:30  INFO 89459 --- [    Test worker] org.apache.zookeeper.ZooKeeper           : Client environment:java.compiler=<NA>
2024-06-21T22:25:11.618+05:30  INFO 89459 --- [    Test worker] org.apache.zookeeper.ZooKeeper           : Client environment:os.name=Mac OS X
2024-06-21T22:25:11.618+05:30  INFO 89459 --- [    Test worker] org.apache.zookeeper.ZooKeeper           : Client environment:os.arch=aarch64
2024-06-21T22:25:11.618+05:30  INFO 89459 --- [    Test worker] org.apache.zookeeper.ZooKeeper           : Client environment:os.version=14.5
2024-06-21T22:25:11.618+05:30  INFO 89459 --- [    Test worker] org.apache.zookeeper.ZooKeeper           : Client environment:user.name=ekankaar
2024-06-21T22:25:11.618+05:30  INFO 89459 --- [    Test worker] org.apache.zookeeper.ZooKeeper           : Client environment:user.home=/Users/ekankaar
2024-06-21T22:25:11.618+05:30  INFO 89459 --- [    Test worker] org.apache.zookeeper.ZooKeeper           : Client environment:user.dir=/Users/ekankaar/IdeaProjects/kafka1
2024-06-21T22:25:11.618+05:30  INFO 89459 --- [    Test worker] org.apache.zookeeper.ZooKeeper           : Client environment:os.memory.free=17MB
2024-06-21T22:25:11.618+05:30  INFO 89459 --- [    Test worker] org.apache.zookeeper.ZooKeeper           : Client environment:os.memory.max=512MB
2024-06-21T22:25:11.618+05:30  INFO 89459 --- [    Test worker] org.apache.zookeeper.ZooKeeper           : Client environment:os.memory.total=60MB
2024-06-21T22:25:11.619+05:30  INFO 89459 --- [    Test worker] org.apache.zookeeper.ZooKeeper           : Initiating client connection, connectString=127.0.0.1:52213 sessionTimeout=18000 watcher=kafka.zookeeper.ZooKeeperClient$ZooKeeperClientWatcher$@1169fdfd
2024-06-21T22:25:11.620+05:30  INFO 89459 --- [    Test worker] org.apache.zookeeper.ClientCnxnSocket    : jute.maxbuffer value is 4194304 Bytes
2024-06-21T22:25:11.623+05:30  INFO 89459 --- [    Test worker] org.apache.zookeeper.ClientCnxn          : zookeeper.request.timeout value is 0. feature enabled=false
2024-06-21T22:25:11.624+05:30  INFO 89459 --- [27.0.0.1:52213)] org.apache.zookeeper.ClientCnxn          : Opening socket connection to server /127.0.0.1:52213.
2024-06-21T22:25:11.624+05:30  INFO 89459 --- [    Test worker] kafka.zookeeper.ZooKeeperClient          : [ZooKeeperClient Kafka server] Waiting until connected.
2024-06-21T22:25:11.624+05:30  INFO 89459 --- [27.0.0.1:52213)] org.apache.zookeeper.ClientCnxn          : Socket connection established, initiating session, client: /127.0.0.1:52214, server: /127.0.0.1:52213
2024-06-21T22:25:11.627+05:30  INFO 89459 --- [   SyncThread:0] o.a.z.server.persistence.FileTxnLog      : Creating new log file: log.1
2024-06-21T22:25:11.629+05:30  INFO 89459 --- [   SyncThread:0] o.a.zookeeper.audit.ZKAuditProvider      : ZooKeeper audit is disabled.
2024-06-21T22:25:11.631+05:30  INFO 89459 --- [27.0.0.1:52213)] org.apache.zookeeper.ClientCnxn          : Session establishment complete on server /127.0.0.1:52213, session id = 0x100439433d10000, negotiated timeout = 16000
2024-06-21T22:25:11.632+05:30  INFO 89459 --- [    Test worker] kafka.zookeeper.ZooKeeperClient          : [ZooKeeperClient Kafka server] Connected.
2024-06-21T22:25:11.669+05:30  INFO 89459 --- [    Test worker] kafka.server.KafkaServer                 : Cluster ID = ljEQ--5MQh-NWM3JUH6A1w
2024-06-21T22:25:11.671+05:30  WARN 89459 --- [    Test worker] kafka.server.BrokerMetadataCheckpoint    : No meta.properties file under dir /var/folders/22/k85s8fsx4fd3yz59ymwrqgz80000gn/T/spring.kafka.33e47697-d846-49e2-98cc-e389118422ef2040092462775706215/meta.properties
2024-06-21T22:25:11.687+05:30  INFO 89459 --- [    Test worker] kafka.server.KafkaConfig                 : KafkaConfig values: 
	advertised.listeners = null
	alter.config.policy.class.name = null
	alter.log.dirs.replication.quota.window.num = 11
	alter.log.dirs.replication.quota.window.size.seconds = 1
	authorizer.class.name = 
	auto.create.topics.enable = true
	auto.include.jmx.reporter = true
	auto.leader.rebalance.enable = true
	background.threads = 10
	broker.heartbeat.interval.ms = 2000
	broker.id = 0
	broker.id.generation.enable = true
	broker.rack = null
	broker.session.timeout.ms = 9000
	client.quota.callback.class = null
	compression.type = producer
	connection.failed.authentication.delay.ms = 100
	connections.max.idle.ms = 600000
	connections.max.reauth.ms = 0
	control.plane.listener.name = null
	controlled.shutdown.enable = false
	controlled.shutdown.max.retries = 3
	controlled.shutdown.retry.backoff.ms = 100
	controller.listener.names = null
	controller.quorum.append.linger.ms = 25
	controller.quorum.election.backoff.max.ms = 1000
	controller.quorum.election.timeout.ms = 1000
	controller.quorum.fetch.timeout.ms = 2000
	controller.quorum.request.timeout.ms = 2000
	controller.quorum.retry.backoff.ms = 20
	controller.quorum.voters = []
	controller.quota.window.num = 11
	controller.quota.window.size.seconds = 1
	controller.socket.timeout.ms = 1000
	create.topic.policy.class.name = null
	default.replication.factor = 1
	delegation.token.expiry.check.interval.ms = 3600000
	delegation.token.expiry.time.ms = 86400000
	delegation.token.master.key = null
	delegation.token.max.lifetime.ms = 604800000
	delegation.token.secret.key = null
	delete.records.purgatory.purge.interval.requests = 1
	delete.topic.enable = true
	early.start.listeners = null
	fetch.max.bytes = 57671680
	fetch.purgatory.purge.interval.requests = 1000
	group.initial.rebalance.delay.ms = 0
	group.max.session.timeout.ms = 1800000
	group.max.size = 2147483647
	group.min.session.timeout.ms = 6000
	initial.broker.registration.timeout.ms = 60000
	inter.broker.listener.name = null
	inter.broker.protocol.version = 3.4-IV0
	kafka.metrics.polling.interval.secs = 10
	kafka.metrics.reporters = []
	leader.imbalance.check.interval.seconds = 300
	leader.imbalance.per.broker.percentage = 10
	listener.security.protocol.map = PLAINTEXT:PLAINTEXT,SSL:SSL,SASL_PLAINTEXT:SASL_PLAINTEXT,SASL_SSL:SASL_SSL
	listeners = PLAINTEXT://localhost:9092
	log.cleaner.backoff.ms = 15000
	log.cleaner.dedupe.buffer.size = 2097152
	log.cleaner.delete.retention.ms = 86400000
	log.cleaner.enable = true
	log.cleaner.io.buffer.load.factor = 0.9
	log.cleaner.io.buffer.size = 524288
	log.cleaner.io.max.bytes.per.second = 1.7976931348623157E308
	log.cleaner.max.compaction.lag.ms = 9223372036854775807
	log.cleaner.min.cleanable.ratio = 0.5
	log.cleaner.min.compaction.lag.ms = 0
	log.cleaner.threads = 1
	log.cleanup.policy = [delete]
	log.dir = /var/folders/22/k85s8fsx4fd3yz59ymwrqgz80000gn/T/spring.kafka.33e47697-d846-49e2-98cc-e389118422ef2040092462775706215
	log.dirs = null
	log.flush.interval.messages = 9223372036854775807
	log.flush.interval.ms = null
	log.flush.offset.checkpoint.interval.ms = 60000
	log.flush.scheduler.interval.ms = 9223372036854775807
	log.flush.start.offset.checkpoint.interval.ms = 60000
	log.index.interval.bytes = 4096
	log.index.size.max.bytes = 10485760
	log.message.downconversion.enable = true
	log.message.format.version = 3.0-IV1
	log.message.timestamp.difference.max.ms = 9223372036854775807
	log.message.timestamp.type = CreateTime
	log.preallocate = false
	log.retention.bytes = -1
	log.retention.check.interval.ms = 300000
	log.retention.hours = 168
	log.retention.minutes = null
	log.retention.ms = null
	log.roll.hours = 168
	log.roll.jitter.hours = 0
	log.roll.jitter.ms = null
	log.roll.ms = null
	log.segment.bytes = 1073741824
	log.segment.delete.delay.ms = 1000
	max.connection.creation.rate = 2147483647
	max.connections = 2147483647
	max.connections.per.ip = 2147483647
	max.connections.per.ip.overrides = 
	max.incremental.fetch.session.cache.slots = 1000
	message.max.bytes = 1048588
	metadata.log.dir = null
	metadata.log.max.record.bytes.between.snapshots = 20971520
	metadata.log.max.snapshot.interval.ms = 3600000
	metadata.log.segment.bytes = 1073741824
	metadata.log.segment.min.bytes = 8388608
	metadata.log.segment.ms = 604800000
	metadata.max.idle.interval.ms = 500
	metadata.max.retention.bytes = 104857600
	metadata.max.retention.ms = 604800000
	metric.reporters = []
	metrics.num.samples = 2
	metrics.recording.level = INFO
	metrics.sample.window.ms = 30000
	min.insync.replicas = 1
	node.id = 0
	num.io.threads = 8
	num.network.threads = 3
	num.partitions = 1
	num.recovery.threads.per.data.dir = 1
	num.replica.alter.log.dirs.threads = null
	num.replica.fetchers = 1
	offset.metadata.max.bytes = 4096
	offsets.commit.required.acks = -1
	offsets.commit.timeout.ms = 5000
	offsets.load.buffer.size = 5242880
	offsets.retention.check.interval.ms = 600000
	offsets.retention.minutes = 10080
	offsets.topic.compression.codec = 0
	offsets.topic.num.partitions = 5
	offsets.topic.replication.factor = 1
	offsets.topic.segment.bytes = 104857600
	password.encoder.cipher.algorithm = AES/CBC/PKCS5Padding
	password.encoder.iterations = 4096
	password.encoder.key.length = 128
	password.encoder.keyfactory.algorithm = null
	password.encoder.old.secret = null
	password.encoder.secret = null
	principal.builder.class = class org.apache.kafka.common.security.authenticator.DefaultKafkaPrincipalBuilder
	process.roles = []
	producer.id.expiration.check.interval.ms = 600000
	producer.id.expiration.ms = 86400000
	producer.purgatory.purge.interval.requests = 1000
	queued.max.request.bytes = -1
	queued.max.requests = 500
	quota.window.num = 11
	quota.window.size.seconds = 1
	remote.log.index.file.cache.total.size.bytes = 1073741824
	remote.log.manager.task.interval.ms = 30000
	remote.log.manager.task.retry.backoff.max.ms = 30000
	remote.log.manager.task.retry.backoff.ms = 500
	remote.log.manager.task.retry.jitter = 0.2
	remote.log.manager.thread.pool.size = 10
	remote.log.metadata.manager.class.name = null
	remote.log.metadata.manager.class.path = null
	remote.log.metadata.manager.impl.prefix = null
	remote.log.metadata.manager.listener.name = null
	remote.log.reader.max.pending.tasks = 100
	remote.log.reader.threads = 10
	remote.log.storage.manager.class.name = null
	remote.log.storage.manager.class.path = null
	remote.log.storage.manager.impl.prefix = null
	remote.log.storage.system.enable = false
	replica.fetch.backoff.ms = 1000
	replica.fetch.max.bytes = 1048576
	replica.fetch.min.bytes = 1
	replica.fetch.response.max.bytes = 10485760
	replica.fetch.wait.max.ms = 500
	replica.high.watermark.checkpoint.interval.ms = 9223372036854775807
	replica.lag.time.max.ms = 30000
	replica.selector.class = null
	replica.socket.receive.buffer.bytes = 65536
	replica.socket.timeout.ms = 1000
	replication.quota.window.num = 11
	replication.quota.window.size.seconds = 1
	request.timeout.ms = 30000
	reserved.broker.max.id = 1000
	sasl.client.callback.handler.class = null
	sasl.enabled.mechanisms = [GSSAPI]
	sasl.jaas.config = null
	sasl.kerberos.kinit.cmd = /usr/bin/kinit
	sasl.kerberos.min.time.before.relogin = 60000
	sasl.kerberos.principal.to.local.rules = [DEFAULT]
	sasl.kerberos.service.name = null
	sasl.kerberos.ticket.renew.jitter = 0.05
	sasl.kerberos.ticket.renew.window.factor = 0.8
	sasl.login.callback.handler.class = null
	sasl.login.class = null
	sasl.login.connect.timeout.ms = null
	sasl.login.read.timeout.ms = null
	sasl.login.refresh.buffer.seconds = 300
	sasl.login.refresh.min.period.seconds = 60
	sasl.login.refresh.window.factor = 0.8
	sasl.login.refresh.window.jitter = 0.05
	sasl.login.retry.backoff.max.ms = 10000
	sasl.login.retry.backoff.ms = 100
	sasl.mechanism.controller.protocol = GSSAPI
	sasl.mechanism.inter.broker.protocol = GSSAPI
	sasl.oauthbearer.clock.skew.seconds = 30
	sasl.oauthbearer.expected.audience = null
[...]
	ssl.key.password = null
	ssl.keymanager.algorithm = SunX509
	ssl.keystore.certificate.chain = null
	ssl.keystore.key = null
	ssl.keystore.location = null
	ssl.keystore.password = null
	ssl.keystore.type = JKS
	ssl.protocol = TLSv1.3
	ssl.provider = null
	ssl.secure.random.implementation = null
	ssl.trustmanager.algorithm = PKIX
	ssl.truststore.certificates = null
	ssl.truststore.location = null
	ssl.truststore.password = null
	ssl.truststore.type = JKS

2024-06-21T22:25:12.036+05:30  INFO 89459 --- [er-event-thread] kafka.controller.KafkaController         : [Controller id=0] Starting the controller scheduler
2024-06-21T22:25:12.048+05:30  INFO 89459 --- [    Test worker] o.a.kafka.common.utils.AppInfoParser     : Kafka version: 3.4.1
2024-06-21T22:25:12.048+05:30  INFO 89459 --- [    Test worker] o.a.kafka.common.utils.AppInfoParser     : Kafka commitId: 8a516edc2755df89
2024-06-21T22:25:12.048+05:30  INFO 89459 --- [    Test worker] o.a.kafka.common.utils.AppInfoParser     : Kafka startTimeMs: 1718988912048
2024-06-21T22:25:12.062+05:30  INFO 89459 --- [name=forwarding] k.s.BrokerToControllerRequestThread      : [BrokerToControllerChannelManager broker=0 name=forwarding]: Recorded new controller, from now on will use node localhost:9092 (id: 0 rack: null)
2024-06-21T22:25:12.072+05:30  INFO 89459 --- [quest-handler-4] kafka.zk.AdminZkClient                   : Creating topic users with configuration {} and initial partition assignment HashMap(0 -> ArrayBuffer(0))
2024-06-21T22:25:12.079+05:30  INFO 89459 --- [er-event-thread] kafka.controller.KafkaController         : [Controller id=0] New topics: [Set(users)], deleted topics: [HashSet()], new partition replica assignment [Set(TopicIdReplicaAssignment(users,Some(EP-DCTboQdWAIk9N8gPMFg),Map(users-0 -> ReplicaAssignment(replicas=0, addingReplicas=, removingReplicas=))))]
2024-06-21T22:25:12.080+05:30  INFO 89459 --- [er-event-thread] kafka.controller.KafkaController         : [Controller id=0] New partition creation callback for users-0
2024-06-21T22:25:12.080+05:30  INFO 89459 --- [er-event-thread] state.change.logger                      : [Controller id=0 epoch=1] Changed partition users-0 state from NonExistentPartition to NewPartition with assigned replicas 0
2024-06-21T22:25:12.081+05:30  INFO 89459 --- [er-event-thread] state.change.logger                      : [Controller id=0 epoch=1] Sending UpdateMetadata request to brokers HashSet() for 0 partitions
2024-06-21T22:25:12.082+05:30  INFO 89459 --- [er-event-thread] state.change.logger                      : [Controller id=0 epoch=1] Sending UpdateMetadata request to brokers HashSet() for 0 partitions
2024-06-21T22:25:12.089+05:30  INFO 89459 --- [er-event-thread] state.change.logger                      : [Controller id=0 epoch=1] Changed partition users-0 from NewPartition to OnlinePartition with state LeaderAndIsr(leader=0, leaderEpoch=0, isr=List(0), leaderRecoveryState=RECOVERED, partitionEpoch=0)
2024-06-21T22:25:12.090+05:30  INFO 89459 --- [er-event-thread] state.change.logger                      : [Controller id=0 epoch=1] Sending LeaderAndIsr request to broker 0 with 1 become-leader and 0 become-follower partitions
2024-06-21T22:25:12.090+05:30  INFO 89459 --- [er-event-thread] state.change.logger                      : [Controller id=0 epoch=1] Sending UpdateMetadata request to brokers HashSet(0) for 1 partitions
2024-06-21T22:25:12.091+05:30  INFO 89459 --- [er-event-thread] state.change.logger                      : [Controller id=0 epoch=1] Sending UpdateMetadata request to brokers HashSet() for 0 partitions
2024-06-21T22:25:12.093+05:30  INFO 89459 --- [quest-handler-5] state.change.logger                      : [Broker id=0] Handling LeaderAndIsr request correlationId 1 from controller 0 for 1 partitions
2024-06-21T22:25:12.102+05:30  INFO 89459 --- [quest-handler-5] kafka.server.ReplicaFetcherManager       : [ReplicaFetcherManager on broker 0] Removed fetcher for partitions Set(users-0)
2024-06-21T22:25:12.102+05:30  INFO 89459 --- [quest-handler-5] state.change.logger                      : [Broker id=0] Stopped fetchers as part of LeaderAndIsr request correlationId 1 from controller 0 epoch 1 as part of the become-leader transition for 1 partitions
2024-06-21T22:25:12.121+05:30  INFO 89459 --- [=alterPartition] k.s.BrokerToControllerRequestThread      : [BrokerToControllerChannelManager broker=0 name=alterPartition]: Recorded new controller, from now on will use node localhost:9092 (id: 0 rack: null)
2024-06-21T22:25:12.125+05:30  INFO 89459 --- [quest-handler-5] kafka.log.UnifiedLog$                    : [LogLoader partition=users-0, dir=/var/folders/22/k85s8fsx4fd3yz59ymwrqgz80000gn/T/spring.kafka.33e47697-d846-49e2-98cc-e389118422ef2040092462775706215] Loading producer state till offset 0 with message format version 2
2024-06-21T22:25:12.130+05:30  INFO 89459 --- [quest-handler-5] kafka.log.LogManager                     : Created log for partition users-0 in /var/folders/22/k85s8fsx4fd3yz59ymwrqgz80000gn/T/spring.kafka.33e47697-d846-49e2-98cc-e389118422ef2040092462775706215/users-0 with properties {}
2024-06-21T22:25:12.131+05:30  INFO 89459 --- [quest-handler-5] kafka.cluster.Partition                  : [Partition users-0 broker=0] No checkpointed highwatermark is found for partition users-0
2024-06-21T22:25:12.131+05:30  INFO 89459 --- [quest-handler-5] kafka.cluster.Partition                  : [Partition users-0 broker=0] Log loaded for partition users-0 with initial high watermark 0
2024-06-21T22:25:12.132+05:30  INFO 89459 --- [quest-handler-5] state.change.logger                      : [Broker id=0] Leader users-0 with topic id Some(EP-DCTboQdWAIk9N8gPMFg) starts at leader epoch 0 from offset 0 with partition epoch 0, high watermark 0, ISR [0], adding replicas [] and removing replicas []. Previous leader epoch was -1.
2024-06-21T22:25:12.141+05:30  INFO 89459 --- [quest-handler-5] state.change.logger                      : [Broker id=0] Finished LeaderAndIsr request in 49ms correlationId 1 from controller 0 for 1 partitions
2024-06-21T22:25:12.144+05:30  INFO 89459 --- [quest-handler-6] state.change.logger                      : [Broker id=0] Add 1 partitions and deleted 0 partitions from metadata cache in response to UpdateMetadata request sent by controller 0 epoch 1 with correlation id 2
2024-06-21T22:25:12.146+05:30  INFO 89459 --- [| adminclient-1] o.a.kafka.common.utils.AppInfoParser     : App info kafka.admin.client for adminclient-1 unregistered
2024-06-21T22:25:12.148+05:30  INFO 89459 --- [| adminclient-1] o.apache.kafka.common.metrics.Metrics    : Metrics scheduler closed
2024-06-21T22:25:12.148+05:30  INFO 89459 --- [| adminclient-1] o.apache.kafka.common.metrics.Metrics    : Closing reporter org.apache.kafka.common.metrics.JmxReporter
2024-06-21T22:25:12.148+05:30  INFO 89459 --- [| adminclient-1] o.apache.kafka.common.metrics.Metrics    : Metrics reporters closed
2024-06-21T22:25:12.150+05:30  INFO 89459 --- [    Test worker] c.e.k.l.KafkaConsumerListenerTest        : Starting KafkaConsumerListenerTest using Java 20.0.2 with PID 89459 (started by ekankaar in /Users/ekankaar/IdeaProjects/kafka1)
2024-06-21T22:25:12.150+05:30  INFO 89459 --- [    Test worker] c.e.k.l.KafkaConsumerListenerTest        : No active profile set, falling back to 1 default profile: "default"
2024-06-21T22:25:12.295+05:30  INFO 89459 --- [    Test worker] .s.d.r.c.RepositoryConfigurationDelegate : Bootstrapping Spring Data Reactive Cassandra repositories in DEFAULT mode.
2024-06-21T22:25:12.306+05:30  INFO 89459 --- [    Test worker] .s.d.r.c.RepositoryConfigurationDelegate : Finished Spring Data repository scanning in 9 ms. Found 0 Reactive Cassandra repository interfaces.
2024-06-21T22:25:12.309+05:30  INFO 89459 --- [    Test worker] .s.d.r.c.RepositoryConfigurationDelegate : Bootstrapping Spring Data Cassandra repositories in DEFAULT mode.
2024-06-21T22:25:12.317+05:30  INFO 89459 --- [    Test worker] .s.d.r.c.RepositoryConfigurationDelegate : Finished Spring Data repository scanning in 8 ms. Found 1 Cassandra repository interfaces.
2024-06-21T22:25:12.528+05:30  INFO 89459 --- [    Test worker] c.d.o.d.i.core.DefaultMavenCoordinates   : DataStax Java driver for Apache Cassandra(R) (com.datastax.oss:java-driver-core) version 4.15.0
2024-06-21T22:25:12.887+05:30  INFO 89459 --- [     s0-admin-0] c.d.oss.driver.internal.core.time.Clock  : Using native clock for microsecond precision
2024-06-21T22:25:13.284+05:30  INFO 89459 --- [    Test worker] o.a.k.clients.admin.AdminClientConfig    : AdminClientConfig values: 
	auto.include.jmx.reporter = true
	bootstrap.servers = [localhost:9092]
	client.dns.lookup = use_all_dns_ips
	client.id = 
	connections.max.idle.ms = 300000
	default.api.timeout.ms = 60000
	metadata.max.age.ms = 300000
	metric.reporters = []
	metrics.num.samples = 2
	metrics.recording.level = INFO
	metrics.sample.window.ms = 30000
	receive.buffer.bytes = 65536
	reconnect.backoff.max.ms = 1000
	reconnect.backoff.ms = 50
	request.timeout.ms = 30000
	retries = 2147483647
	retry.backoff.ms = 100
	sasl.client.callback.handler.class = null
	sasl.jaas.config = null
	sasl.kerberos.kinit.cmd = /usr/bin/kinit
	sasl.kerberos.min.time.before.relogin = 60000
	sasl.kerberos.service.name = null
	sasl.kerberos.ticket.renew.jitter = 0.05
	sasl.kerberos.ticket.renew.window.factor = 0.8
	sasl.login.callback.handler.class = null
	sasl.login.class = null
	sasl.login.connect.timeout.ms = null
	sasl.login.read.timeout.ms = null
	sasl.login.refresh.buffer.seconds = 300
	sasl.login.refresh.min.period.seconds = 60
	sasl.login.refresh.window.factor = 0.8
	sasl.login.refresh.window.jitter = 0.05
	sasl.login.retry.backoff.max.ms = 10000
	sasl.login.retry.backoff.ms = 100
	sasl.mechanism = GSSAPI
	sasl.oauthbearer.clock.skew.seconds = 30
	sasl.oauthbearer.expected.audience = null
	sasl.oauthbearer.expected.issuer = null
	sasl.oauthbearer.jwks.endpoint.refresh.ms = 3600000
	sasl.oauthbearer.jwks.endpoint.retry.backoff.max.ms = 10000
	sasl.oauthbearer.jwks.endpoint.retry.backoff.ms = 100
	sasl.oauthbearer.jwks.endpoint.url = null
	sasl.oauthbearer.scope.claim.name = scope
	sasl.oauthbearer.sub.claim.name = sub
	sasl.oauthbearer.token.endpoint.url = null
	security.protocol = PLAINTEXT
	security.providers = null
	send.buffer.bytes = 131072
	socket.connection.setup.timeout.max.ms = 30000
	socket.connection.setup.timeout.ms = 10000
	ssl.cipher.suites = null
	ssl.enabled.protocols = [TLSv1.2, TLSv1.3]
	ssl.endpoint.identification.algorithm = https
	ssl.engine.factory.class = null
	ssl.key.password = null
	ssl.keymanager.algorithm = SunX509
	ssl.keystore.certificate.chain = null
	ssl.keystore.key = null
	ssl.keystore.location = null
	ssl.keystore.password = null
	ssl.keystore.type = JKS
	ssl.protocol = TLSv1.3
	ssl.provider = null
	ssl.secure.random.implementation = null
	ssl.trustmanager.algorithm = PKIX
	ssl.truststore.certificates = null
	ssl.truststore.location = null
	ssl.truststore.password = null
	ssl.truststore.type = JKS

2024-06-21T22:25:13.285+05:30  INFO 89459 --- [    Test worker] o.a.kafka.common.utils.AppInfoParser     : Kafka version: 3.4.1
2024-06-21T22:25:13.285+05:30  INFO 89459 --- [    Test worker] o.a.kafka.common.utils.AppInfoParser     : Kafka commitId: 8a516edc2755df89
2024-06-21T22:25:13.285+05:30  INFO 89459 --- [    Test worker] o.a.kafka.common.utils.AppInfoParser     : Kafka startTimeMs: 1718988913285
2024-06-21T22:25:13.295+05:30  INFO 89459 --- [| adminclient-2] o.a.kafka.common.utils.AppInfoParser     : App info kafka.admin.client for adminclient-2 unregistered
2024-06-21T22:25:13.295+05:30  INFO 89459 --- [| adminclient-2] o.apache.kafka.common.metrics.Metrics    : Metrics scheduler closed
2024-06-21T22:25:13.295+05:30  INFO 89459 --- [| adminclient-2] o.apache.kafka.common.metrics.Metrics    : Closing reporter org.apache.kafka.common.metrics.JmxReporter
2024-06-21T22:25:13.295+05:30  INFO 89459 --- [| adminclient-2] o.apache.kafka.common.metrics.Metrics    : Metrics reporters closed
2024-06-21T22:25:13.323+05:30  INFO 89459 --- [    Test worker] o.a.k.clients.consumer.ConsumerConfig    : ConsumerConfig values: 
	allow.auto.create.topics = true
	auto.commit.interval.ms = 5000
	auto.include.jmx.reporter = true
	auto.offset.reset = latest
	bootstrap.servers = [localhost:9092]
	check.crcs = true
	client.dns.lookup = use_all_dns_ips
	client.id = consumer-group_id-1
	client.rack = 
	connections.max.idle.ms = 540000
	default.api.timeout.ms = 60000
	enable.auto.commit = false
	exclude.internal.topics = true
	fetch.max.bytes = 52428800
	fetch.max.wait.ms = 500
	fetch.min.bytes = 1
	group.id = group_id
	group.instance.id = null
	heartbeat.interval.ms = 3000
	interceptor.classes = []
	internal.leave.group.on.close = true
	internal.throw.on.fetch.stable.offset.unsupported = false
	isolation.level = read_uncommitted
	key.deserializer = class org.apache.kafka.common.serialization.StringDeserializer
	max.partition.fetch.bytes = 1048576
	max.poll.interval.ms = 300000
	max.poll.records = 500
	metadata.max.age.ms = 300000
	metric.reporters = []
	metrics.num.samples = 2
	metrics.recording.level = INFO
	metrics.sample.window.ms = 30000
	partition.assignment.strategy = [class org.apache.kafka.clients.consumer.RangeAssignor, class org.apache.kafka.clients.consumer.CooperativeStickyAssignor]
	receive.buffer.bytes = 65536
	reconnect.backoff.max.ms = 1000
	reconnect.backoff.ms = 50
	request.timeout.ms = 30000
	retry.backoff.ms = 100
	sasl.client.callback.handler.class = null
	sasl.jaas.config = null
	sasl.kerberos.kinit.cmd = /usr/bin/kinit
	sasl.kerberos.min.time.before.relogin = 60000
	sasl.kerberos.service.name = null
	sasl.kerberos.ticket.renew.jitter = 0.05
	sasl.kerberos.ticket.renew.window.factor = 0.8
	sasl.login.callback.handler.class = null
	sasl.login.class = null
	sasl.login.connect.timeout.ms = null
	sasl.login.read.timeout.ms = null
	sasl.login.refresh.buffer.seconds = 300
	sasl.login.refresh.min.period.seconds = 60
	sasl.login.refresh.window.factor = 0.8
	sasl.login.refresh.window.jitter = 0.05
	sasl.login.retry.backoff.max.ms = 10000
	sasl.login.retry.backoff.ms = 100
	sasl.mechanism = GSSAPI
	sasl.oauthbearer.clock.skew.seconds = 30
	sasl.oauthbearer.expected.audience = null
	sasl.oauthbearer.expected.issuer = null
	sasl.oauthbearer.jwks.endpoint.refresh.ms = 3600000
	sasl.oauthbearer.jwks.endpoint.retry.backoff.max.ms = 10000
	sasl.oauthbearer.jwks.endpoint.retry.backoff.ms = 100
	sasl.oauthbearer.jwks.endpoint.url = null
	sasl.oauthbearer.scope.claim.name = scope
	sasl.oauthbearer.sub.claim.name = sub
	sasl.oauthbearer.token.endpoint.url = null
	security.protocol = PLAINTEXT
	security.providers = null
	send.buffer.bytes = 131072
	session.timeout.ms = 45000
	socket.connection.setup.timeout.max.ms = 30000
	socket.connection.setup.timeout.ms = 10000
	ssl.cipher.suites = null
	ssl.enabled.protocols = [TLSv1.2, TLSv1.3]
	ssl.endpoint.identification.algorithm = https
	ssl.engine.factory.class = null
	ssl.key.password = null
	ssl.keymanager.algorithm = SunX509
	ssl.keystore.certificate.chain = null
	ssl.keystore.key = null
	ssl.keystore.location = null
	ssl.keystore.password = null
	ssl.keystore.type = JKS
	ssl.protocol = TLSv1.3
	ssl.provider = null
	ssl.secure.random.implementation = null
	ssl.trustmanager.algorithm = PKIX
	ssl.truststore.certificates = null
	ssl.truststore.location = null
	ssl.truststore.password = null
	ssl.truststore.type = JKS
	value.deserializer = class org.apache.kafka.common.serialization.StringDeserializer

2024-06-21T22:25:13.354+05:30  INFO 89459 --- [    Test worker] o.a.kafka.common.utils.AppInfoParser     : Kafka version: 3.4.1
2024-06-21T22:25:13.354+05:30  INFO 89459 --- [    Test worker] o.a.kafka.common.utils.AppInfoParser     : Kafka commitId: 8a516edc2755df89
2024-06-21T22:25:13.354+05:30  INFO 89459 --- [    Test worker] o.a.kafka.common.utils.AppInfoParser     : Kafka startTimeMs: 1718988913354
2024-06-21T22:25:13.355+05:30  INFO 89459 --- [    Test worker] o.a.k.clients.consumer.KafkaConsumer     : [Consumer clientId=consumer-group_id-1, groupId=group_id] Subscribed to topic(s): users
2024-06-21T22:25:13.362+05:30  INFO 89459 --- [    Test worker] c.e.k.l.KafkaConsumerListenerTest        : Started KafkaConsumerListenerTest in 2.174 seconds (process running for 3.534)
2024-06-21T22:25:13.370+05:30  INFO 89459 --- [ntainer#0-0-C-1] org.apache.kafka.clients.Metadata        : [Consumer clientId=consumer-group_id-1, groupId=group_id] Resetting the last seen epoch of partition users-0 to 0 since the associated topicId changed from null to EP-DCTboQdWAIk9N8gPMFg
2024-06-21T22:25:13.371+05:30  INFO 89459 --- [ntainer#0-0-C-1] org.apache.kafka.clients.Metadata        : [Consumer clientId=consumer-group_id-1, groupId=group_id] Cluster ID: ljEQ--5MQh-NWM3JUH6A1w
2024-06-21T22:25:13.374+05:30  INFO 89459 --- [quest-handler-3] kafka.zk.AdminZkClient                   : Creating topic __consumer_offsets with configuration {compression.type=producer, cleanup.policy=compact, segment.bytes=104857600} and initial partition assignment HashMap(0 -> ArrayBuffer(0), 1 -> ArrayBuffer(0), 2 -> ArrayBuffer(0), 3 -> ArrayBuffer(0), 4 -> ArrayBuffer(0))
Test message
2024-06-21T22:25:13.383+05:30  INFO 89459 --- [er-event-thread] kafka.controller.KafkaController         : [Controller id=0] New topics: [Set(__consumer_offsets)], deleted topics: [HashSet()], new partition replica assignment [Set(TopicIdReplicaAssignment(__consumer_offsets,Some(xGbpqRHWRAyZEmah71fDXQ),HashMap(__consumer_offsets-4 -> ReplicaAssignment(replicas=0, addingReplicas=, removingReplicas=), __consumer_offsets-3 -> ReplicaAssignment(replicas=0, addingReplicas=, removingReplicas=), __consumer_offsets-2 -> ReplicaAssignment(replicas=0, addingReplicas=, removingReplicas=), __consumer_offsets-0 -> ReplicaAssignment(replicas=0, addingReplicas=, removingReplicas=), __consumer_offsets-1 -> ReplicaAssignment(replicas=0, addingReplicas=, removingReplicas=))))]
2024-06-21T22:25:13.384+05:30  INFO 89459 --- [er-event-thread] kafka.controller.KafkaController         : [Controller id=0] New partition creation callback for __consumer_offsets-4,__consumer_offsets-3,__consumer_offsets-2,__consumer_offsets-0,__consumer_offsets-1
2024-06-21T22:25:13.384+05:30  INFO 89459 --- [er-event-thread] state.change.logger                      : [Controller id=0 epoch=1] Changed partition __consumer_offsets-4 state from NonExistentPartition to NewPartition with assigned replicas 0
2024-06-21T22:25:13.384+05:30  INFO 89459 --- [er-event-thread] state.change.logger                      : [Controller id=0 epoch=1] Changed partition __consumer_offsets-3 state from NonExistentPartition to NewPartition with assigned replicas 0
2024-06-21T22:25:13.384+05:30  INFO 89459 --- [er-event-thread] state.change.logger                      : [Controller id=0 epoch=1] Changed partition __consumer_offsets-2 state from NonExistentPartition to NewPartition with assigned replicas 0
2024-06-21T22:25:13.384+05:30  INFO 89459 --- [er-event-thread] state.change.logger                      : [Controller id=0 epoch=1] Changed partition __consumer_offsets-0 state from NonExistentPartition to NewPartition with assigned replicas 0
2024-06-21T22:25:13.384+05:30  INFO 89459 --- [er-event-thread] state.change.logger                      : [Controller id=0 epoch=1] Changed partition __consumer_offsets-1 state from NonExistentPartition to NewPartition with assigned replicas 0
2024-06-21T22:25:13.384+05:30  INFO 89459 --- [er-event-thread] state.change.logger                      : [Controller id=0 epoch=1] Sending UpdateMetadata request to brokers HashSet() for 0 partitions
2024-06-21T22:25:13.384+05:30  INFO 89459 --- [er-event-thread] state.change.logger                      : [Controller id=0 epoch=1] Sending UpdateMetadata request to brokers HashSet() for 0 partitions
]]></system-out>
  <system-err><![CDATA[]]></system-err>
</testsuite>
